{"/Users/cedric/Pro/Perso/gitlab/stepzy/packages/backend/src/database/prisma.ts": {"path":"/Users/cedric/Pro/Perso/gitlab/stepzy/packages/backend/src/database/prisma.ts","statementMap":{"0":{"start":{"line":6,"column":0},"end":{"line":6,"column":45}},"1":{"start":{"line":8,"column":24},"end":{"line":8,"column":null}},"2":{"start":{"line":12,"column":13},"end":{"line":16,"column":null}},"3":{"start":{"line":18,"column":0},"end":{"line":20,"column":1}},"4":{"start":{"line":19,"column":2},"end":{"line":19,"column":null}},"5":{"start":{"line":23,"column":0},"end":{"line":25,"column":null}},"6":{"start":{"line":24,"column":2},"end":{"line":24,"column":null}},"7":{"start":{"line":27,"column":0},"end":{"line":30,"column":null}},"8":{"start":{"line":28,"column":2},"end":{"line":28,"column":null}},"9":{"start":{"line":29,"column":2},"end":{"line":29,"column":null}},"10":{"start":{"line":32,"column":0},"end":{"line":35,"column":null}},"11":{"start":{"line":33,"column":2},"end":{"line":33,"column":null}},"12":{"start":{"line":34,"column":2},"end":{"line":34,"column":null}}},"fnMap":{"0":{"name":"(anonymous_0)","decl":{"start":{"line":23,"column":25},"end":{"line":23,"column":30}},"loc":{"start":{"line":23,"column":36},"end":{"line":25,"column":1}}},"1":{"name":"(anonymous_1)","decl":{"start":{"line":27,"column":21},"end":{"line":27,"column":26}},"loc":{"start":{"line":27,"column":32},"end":{"line":30,"column":1}}},"2":{"name":"(anonymous_2)","decl":{"start":{"line":32,"column":22},"end":{"line":32,"column":27}},"loc":{"start":{"line":32,"column":33},"end":{"line":35,"column":1}}}},"branchMap":{"0":{"loc":{"start":{"line":13,"column":2},"end":{"line":16,"column":4}},"type":"binary-expr","locations":[{"start":{"line":13,"column":2},"end":{"line":13,"column":24}},{"start":{"line":14,"column":2},"end":{"line":16,"column":4}}]},"1":{"loc":{"start":{"line":15,"column":9},"end":{"line":15,"column":88}},"type":"cond-expr","locations":[{"start":{"line":15,"column":50},"end":{"line":15,"column":76}},{"start":{"line":15,"column":79},"end":{"line":15,"column":88}}]},"2":{"loc":{"start":{"line":18,"column":0},"end":{"line":20,"column":1}},"type":"if","locations":[{"start":{"line":18,"column":0},"end":{"line":20,"column":1}},{"start":{},"end":{}}]}},"s":{"0":1,"1":1,"2":1,"3":1,"4":1,"5":1,"6":0,"7":1,"8":0,"9":0,"10":1,"11":0,"12":0},"f":{"0":0,"1":0,"2":0},"b":{"0":[1,1],"1":[0,1],"2":[1,0]}}
,"/Users/cedric/Pro/Perso/gitlab/stepzy/packages/backend/src/lib/auth.ts": {"path":"/Users/cedric/Pro/Perso/gitlab/stepzy/packages/backend/src/lib/auth.ts","statementMap":{"0":{"start":{"line":9,"column":20},"end":{"line":89,"column":2}},"1":{"start":{"line":60,"column":41},"end":{"line":60,"column":67}},"2":{"start":{"line":86,"column":6},"end":{"line":86,"column":null}}},"fnMap":{"0":{"name":"(anonymous_0)","decl":{"start":{"line":60,"column":11},"end":{"line":60,"column":12}},"loc":{"start":{"line":60,"column":41},"end":{"line":60,"column":67}}},"1":{"name":"(anonymous_1)","decl":{"start":{"line":84,"column":16},"end":{"line":84,"column":19}},"loc":{"start":{"line":84,"column":21},"end":{"line":87,"column":5}}}},"branchMap":{"0":{"loc":{"start":{"line":52,"column":10},"end":{"line":52,"column":77}},"type":"binary-expr","locations":[{"start":{"line":52,"column":10},"end":{"line":52,"column":40}},{"start":{"line":52,"column":44},"end":{"line":52,"column":77}}]},"1":{"loc":{"start":{"line":53,"column":11},"end":{"line":53,"column":65}},"type":"binary-expr","locations":[{"start":{"line":53,"column":11},"end":{"line":53,"column":38}},{"start":{"line":53,"column":42},"end":{"line":53,"column":65}}]}},"s":{"0":0,"1":0,"2":0},"f":{"0":0,"1":0},"b":{"0":[0,0],"1":[0,0]}}
,"/Users/cedric/Pro/Perso/gitlab/stepzy/packages/backend/src/middleware/admin.middleware.ts": {"path":"/Users/cedric/Pro/Perso/gitlab/stepzy/packages/backend/src/middleware/admin.middleware.ts","statementMap":{"0":{"start":{"line":17,"column":2},"end":{"line":23,"column":3}},"1":{"start":{"line":18,"column":4},"end":{"line":22,"column":null}},"2":{"start":{"line":26,"column":2},"end":{"line":32,"column":3}},"3":{"start":{"line":27,"column":4},"end":{"line":31,"column":null}},"4":{"start":{"line":41,"column":2},"end":{"line":41,"column":null}},"5":{"start":{"line":48,"column":2},"end":{"line":48,"column":null}},"6":{"start":{"line":55,"column":2},"end":{"line":74,"column":null}},"7":{"start":{"line":56,"column":4},"end":{"line":61,"column":5}},"8":{"start":{"line":57,"column":6},"end":{"line":60,"column":null}},"9":{"start":{"line":63,"column":27},"end":{"line":63,"column":56}},"10":{"start":{"line":64,"column":24},"end":{"line":64,"column":45}},"11":{"start":{"line":65,"column":24},"end":{"line":65,"column":64}},"12":{"start":{"line":67,"column":4},"end":{"line":73,"column":5}},"13":{"start":{"line":68,"column":6},"end":{"line":72,"column":null}}},"fnMap":{"0":{"name":"requireAdmin","decl":{"start":{"line":12,"column":22},"end":{"line":12,"column":34}},"loc":{"start":{"line":14,"column":21},"end":{"line":35,"column":1}}},"1":{"name":"isAdmin","decl":{"start":{"line":40,"column":16},"end":{"line":40,"column":23}},"loc":{"start":{"line":40,"column":47},"end":{"line":42,"column":1}}},"2":{"name":"isOwner","decl":{"start":{"line":47,"column":16},"end":{"line":47,"column":23}},"loc":{"start":{"line":47,"column":62},"end":{"line":49,"column":1}}},"3":{"name":"requireAdminOrOwner","decl":{"start":{"line":54,"column":16},"end":{"line":54,"column":35}},"loc":{"start":{"line":54,"column":93},"end":{"line":75,"column":1}}},"4":{"name":"(anonymous_4)","decl":{"start":{"line":55,"column":9},"end":{"line":55,"column":14}},"loc":{"start":{"line":55,"column":64},"end":{"line":74,"column":3}}}},"branchMap":{"0":{"loc":{"start":{"line":17,"column":2},"end":{"line":23,"column":3}},"type":"if","locations":[{"start":{"line":17,"column":2},"end":{"line":23,"column":3}},{"start":{},"end":{}}]},"1":{"loc":{"start":{"line":26,"column":2},"end":{"line":32,"column":3}},"type":"if","locations":[{"start":{"line":26,"column":2},"end":{"line":32,"column":3}},{"start":{},"end":{}}]},"2":{"loc":{"start":{"line":56,"column":4},"end":{"line":61,"column":5}},"type":"if","locations":[{"start":{"line":56,"column":4},"end":{"line":61,"column":5}},{"start":{},"end":{}}]},"3":{"loc":{"start":{"line":67,"column":4},"end":{"line":73,"column":5}},"type":"if","locations":[{"start":{"line":67,"column":4},"end":{"line":73,"column":5}},{"start":{},"end":{}}]},"4":{"loc":{"start":{"line":67,"column":8},"end":{"line":67,"column":36}},"type":"binary-expr","locations":[{"start":{"line":67,"column":8},"end":{"line":67,"column":20}},{"start":{"line":67,"column":24},"end":{"line":67,"column":36}}]}},"s":{"0":0,"1":0,"2":0,"3":0,"4":0,"5":0,"6":0,"7":0,"8":0,"9":0,"10":0,"11":0,"12":0,"13":0},"f":{"0":0,"1":0,"2":0,"3":0,"4":0},"b":{"0":[0,0],"1":[0,0],"2":[0,0],"3":[0,0],"4":[0,0]}}
,"/Users/cedric/Pro/Perso/gitlab/stepzy/packages/backend/src/middleware/auth.middleware.ts": {"path":"/Users/cedric/Pro/Perso/gitlab/stepzy/packages/backend/src/middleware/auth.middleware.ts","statementMap":{"0":{"start":{"line":34,"column":2},"end":{"line":70,"column":3}},"1":{"start":{"line":36,"column":20},"end":{"line":38,"column":6}},"2":{"start":{"line":40,"column":4},"end":{"line":46,"column":5}},"3":{"start":{"line":41,"column":6},"end":{"line":45,"column":null}},"4":{"start":{"line":49,"column":4},"end":{"line":55,"column":null}},"5":{"start":{"line":57,"column":4},"end":{"line":60,"column":null}},"6":{"start":{"line":64,"column":4},"end":{"line":64,"column":null}},"7":{"start":{"line":65,"column":4},"end":{"line":69,"column":null}},"8":{"start":{"line":81,"column":2},"end":{"line":103,"column":3}},"9":{"start":{"line":82,"column":20},"end":{"line":84,"column":6}},"10":{"start":{"line":86,"column":4},"end":{"line":99,"column":5}},"11":{"start":{"line":87,"column":6},"end":{"line":93,"column":null}},"12":{"start":{"line":95,"column":6},"end":{"line":98,"column":null}},"13":{"start":{"line":102,"column":4},"end":{"line":102,"column":null}}},"fnMap":{"0":{"name":"requireAuth","decl":{"start":{"line":30,"column":22},"end":{"line":30,"column":33}},"loc":{"start":{"line":32,"column":21},"end":{"line":71,"column":1}}},"1":{"name":"optionalAuth","decl":{"start":{"line":77,"column":22},"end":{"line":77,"column":34}},"loc":{"start":{"line":79,"column":22},"end":{"line":104,"column":1}}}},"branchMap":{"0":{"loc":{"start":{"line":40,"column":4},"end":{"line":46,"column":5}},"type":"if","locations":[{"start":{"line":40,"column":4},"end":{"line":46,"column":5}},{"start":{},"end":{}}]},"1":{"loc":{"start":{"line":52,"column":15},"end":{"line":52,"column":69}},"type":"binary-expr","locations":[{"start":{"line":52,"column":15},"end":{"line":52,"column":42}},{"start":{"line":52,"column":46},"end":{"line":52,"column":63}},{"start":{"line":52,"column":67},"end":{"line":52,"column":69}}]},"2":{"loc":{"start":{"line":53,"column":15},"end":{"line":53,"column":72}},"type":"binary-expr","locations":[{"start":{"line":53,"column":15},"end":{"line":53,"column":42}},{"start":{"line":53,"column":46},"end":{"line":53,"column":64}},{"start":{"line":53,"column":68},"end":{"line":53,"column":72}}]},"3":{"loc":{"start":{"line":54,"column":14},"end":{"line":54,"column":69}},"type":"binary-expr","locations":[{"start":{"line":54,"column":14},"end":{"line":54,"column":59}},{"start":{"line":54,"column":63},"end":{"line":54,"column":69}}]},"4":{"loc":{"start":{"line":86,"column":4},"end":{"line":99,"column":5}},"type":"if","locations":[{"start":{"line":86,"column":4},"end":{"line":99,"column":5}},{"start":{},"end":{}}]},"5":{"loc":{"start":{"line":90,"column":17},"end":{"line":90,"column":71}},"type":"binary-expr","locations":[{"start":{"line":90,"column":17},"end":{"line":90,"column":44}},{"start":{"line":90,"column":48},"end":{"line":90,"column":65}},{"start":{"line":90,"column":69},"end":{"line":90,"column":71}}]},"6":{"loc":{"start":{"line":91,"column":17},"end":{"line":91,"column":74}},"type":"binary-expr","locations":[{"start":{"line":91,"column":17},"end":{"line":91,"column":44}},{"start":{"line":91,"column":48},"end":{"line":91,"column":66}},{"start":{"line":91,"column":70},"end":{"line":91,"column":74}}]},"7":{"loc":{"start":{"line":92,"column":16},"end":{"line":92,"column":71}},"type":"binary-expr","locations":[{"start":{"line":92,"column":16},"end":{"line":92,"column":61}},{"start":{"line":92,"column":65},"end":{"line":92,"column":71}}]}},"s":{"0":0,"1":0,"2":0,"3":0,"4":0,"5":0,"6":0,"7":0,"8":0,"9":0,"10":0,"11":0,"12":0,"13":0},"f":{"0":0,"1":0},"b":{"0":[0,0],"1":[0,0,0],"2":[0,0,0],"3":[0,0],"4":[0,0],"5":[0,0,0],"6":[0,0,0],"7":[0,0]}}
,"/Users/cedric/Pro/Perso/gitlab/stepzy/packages/backend/src/middleware/cors.middleware.ts": {"path":"/Users/cedric/Pro/Perso/gitlab/stepzy/packages/backend/src/middleware/cors.middleware.ts","statementMap":{"0":{"start":{"line":11,"column":30},"end":{"line":16,"column":29}},"1":{"start":{"line":21,"column":27},"end":{"line":33,"column":null}},"2":{"start":{"line":39,"column":2},"end":{"line":39,"column":27}},"3":{"start":{"line":39,"column":15},"end":{"line":39,"column":27}},"4":{"start":{"line":40,"column":2},"end":{"line":40,"column":null}}},"fnMap":{"0":{"name":"isOriginAllowed","decl":{"start":{"line":38,"column":16},"end":{"line":38,"column":31}},"loc":{"start":{"line":38,"column":58},"end":{"line":41,"column":1}}}},"branchMap":{"0":{"loc":{"start":{"line":39,"column":2},"end":{"line":39,"column":27}},"type":"if","locations":[{"start":{"line":39,"column":2},"end":{"line":39,"column":27}},{"start":{},"end":{}}]}},"s":{"0":0,"1":0,"2":0,"3":0,"4":0},"f":{"0":0},"b":{"0":[0,0]}}
,"/Users/cedric/Pro/Perso/gitlab/stepzy/packages/backend/src/middleware/validation.middleware.ts": {"path":"/Users/cedric/Pro/Perso/gitlab/stepzy/packages/backend/src/middleware/validation.middleware.ts","statementMap":{"0":{"start":{"line":19,"column":2},"end":{"line":52,"column":null}},"1":{"start":{"line":20,"column":4},"end":{"line":51,"column":5}},"2":{"start":{"line":22,"column":6},"end":{"line":24,"column":7}},"3":{"start":{"line":23,"column":8},"end":{"line":23,"column":null}},"4":{"start":{"line":27,"column":6},"end":{"line":29,"column":7}},"5":{"start":{"line":28,"column":8},"end":{"line":28,"column":null}},"6":{"start":{"line":32,"column":6},"end":{"line":34,"column":7}},"7":{"start":{"line":33,"column":8},"end":{"line":33,"column":null}},"8":{"start":{"line":36,"column":6},"end":{"line":45,"column":7}},"9":{"start":{"line":37,"column":8},"end":{"line":44,"column":null}},"10":{"start":{"line":40,"column":58},"end":{"line":43,"column":12}},"11":{"start":{"line":47,"column":6},"end":{"line":50,"column":null}},"12":{"start":{"line":58,"column":29},"end":{"line":84,"column":null}},"13":{"start":{"line":90,"column":2},"end":{"line":95,"column":null}}},"fnMap":{"0":{"name":"validate","decl":{"start":{"line":18,"column":16},"end":{"line":18,"column":24}},"loc":{"start":{"line":18,"column":51},"end":{"line":53,"column":1}}},"1":{"name":"(anonymous_1)","decl":{"start":{"line":19,"column":9},"end":{"line":19,"column":14}},"loc":{"start":{"line":19,"column":64},"end":{"line":52,"column":3}}},"2":{"name":"(anonymous_2)","decl":{"start":{"line":40,"column":36},"end":{"line":40,"column":37}},"loc":{"start":{"line":40,"column":58},"end":{"line":43,"column":12}}},"3":{"name":"createValidationError","decl":{"start":{"line":89,"column":16},"end":{"line":89,"column":37}},"loc":{"start":{"line":89,"column":72},"end":{"line":96,"column":1}}}},"branchMap":{"0":{"loc":{"start":{"line":22,"column":6},"end":{"line":24,"column":7}},"type":"if","locations":[{"start":{"line":22,"column":6},"end":{"line":24,"column":7}},{"start":{},"end":{}}]},"1":{"loc":{"start":{"line":27,"column":6},"end":{"line":29,"column":7}},"type":"if","locations":[{"start":{"line":27,"column":6},"end":{"line":29,"column":7}},{"start":{},"end":{}}]},"2":{"loc":{"start":{"line":32,"column":6},"end":{"line":34,"column":7}},"type":"if","locations":[{"start":{"line":32,"column":6},"end":{"line":34,"column":7}},{"start":{},"end":{}}]},"3":{"loc":{"start":{"line":36,"column":6},"end":{"line":45,"column":7}},"type":"if","locations":[{"start":{"line":36,"column":6},"end":{"line":45,"column":7}},{"start":{},"end":{}}]}},"s":{"0":0,"1":0,"2":0,"3":0,"4":0,"5":0,"6":0,"7":0,"8":0,"9":0,"10":0,"11":0,"12":0,"13":0},"f":{"0":0,"1":0,"2":0,"3":0},"b":{"0":[0,0],"1":[0,0],"2":[0,0],"3":[0,0]}}
,"/Users/cedric/Pro/Perso/gitlab/stepzy/packages/backend/src/routes/activities.routes.ts": {"path":"/Users/cedric/Pro/Perso/gitlab/stepzy/packages/backend/src/routes/activities.routes.ts","statementMap":{"0":{"start":{"line":17,"column":29},"end":{"line":33,"column":2}},"1":{"start":{"line":27,"column":18},"end":{"line":27,"column":52}},"2":{"start":{"line":30,"column":18},"end":{"line":30,"column":47}},"3":{"start":{"line":35,"column":29},"end":{"line":42,"column":2}},"4":{"start":{"line":44,"column":30},"end":{"line":51,"column":2}},"5":{"start":{"line":47,"column":40},"end":{"line":47,"column":54}},"6":{"start":{"line":53,"column":25},"end":{"line":55,"column":2}},"7":{"start":{"line":57,"column":26},"end":{"line":59,"column":2}},"8":{"start":{"line":61,"column":29},"end":{"line":63,"column":2}},"9":{"start":{"line":67,"column":2},"end":{"line":91,"column":null}},"10":{"start":{"line":70,"column":4},"end":{"line":90,"column":5}},"11":{"start":{"line":71,"column":20},"end":{"line":71,"column":74}},"12":{"start":{"line":72,"column":42},"end":{"line":72,"column":47}},"13":{"start":{"line":74,"column":21},"end":{"line":77,"column":null}},"14":{"start":{"line":80,"column":6},"end":{"line":83,"column":null}},"15":{"start":{"line":85,"column":6},"end":{"line":85,"column":null}},"16":{"start":{"line":86,"column":6},"end":{"line":89,"column":null}},"17":{"start":{"line":94,"column":2},"end":{"line":121,"column":null}},"18":{"start":{"line":97,"column":4},"end":{"line":120,"column":5}},"19":{"start":{"line":98,"column":19},"end":{"line":98,"column":71}},"20":{"start":{"line":101,"column":23},"end":{"line":101,"column":75}},"21":{"start":{"line":104,"column":6},"end":{"line":104,"column":null}},"22":{"start":{"line":107,"column":35},"end":{"line":107,"column":96}},"23":{"start":{"line":109,"column":6},"end":{"line":113,"column":null}},"24":{"start":{"line":115,"column":6},"end":{"line":115,"column":null}},"25":{"start":{"line":116,"column":6},"end":{"line":119,"column":null}},"26":{"start":{"line":124,"column":2},"end":{"line":150,"column":null}},"27":{"start":{"line":127,"column":4},"end":{"line":149,"column":5}},"28":{"start":{"line":128,"column":21},"end":{"line":128,"column":53}},"29":{"start":{"line":130,"column":23},"end":{"line":130,"column":75}},"30":{"start":{"line":132,"column":6},"end":{"line":137,"column":7}},"31":{"start":{"line":133,"column":8},"end":{"line":136,"column":null}},"32":{"start":{"line":139,"column":6},"end":{"line":142,"column":null}},"33":{"start":{"line":144,"column":6},"end":{"line":144,"column":null}},"34":{"start":{"line":145,"column":6},"end":{"line":148,"column":null}},"35":{"start":{"line":153,"column":2},"end":{"line":182,"column":null}},"36":{"start":{"line":156,"column":4},"end":{"line":181,"column":5}},"37":{"start":{"line":157,"column":21},"end":{"line":157,"column":53}},"38":{"start":{"line":158,"column":19},"end":{"line":158,"column":71}},"39":{"start":{"line":160,"column":23},"end":{"line":160,"column":79}},"40":{"start":{"line":162,"column":6},"end":{"line":166,"column":null}},"41":{"start":{"line":168,"column":6},"end":{"line":168,"column":null}},"42":{"start":{"line":170,"column":6},"end":{"line":175,"column":7}},"43":{"start":{"line":171,"column":8},"end":{"line":174,"column":null}},"44":{"start":{"line":177,"column":6},"end":{"line":180,"column":null}},"45":{"start":{"line":185,"column":2},"end":{"line":212,"column":null}},"46":{"start":{"line":188,"column":4},"end":{"line":211,"column":5}},"47":{"start":{"line":189,"column":21},"end":{"line":189,"column":53}},"48":{"start":{"line":191,"column":6},"end":{"line":191,"column":null}},"49":{"start":{"line":193,"column":6},"end":{"line":196,"column":null}},"50":{"start":{"line":198,"column":6},"end":{"line":198,"column":null}},"51":{"start":{"line":200,"column":6},"end":{"line":205,"column":7}},"52":{"start":{"line":201,"column":8},"end":{"line":204,"column":null}},"53":{"start":{"line":207,"column":6},"end":{"line":210,"column":null}},"54":{"start":{"line":215,"column":2},"end":{"line":234,"column":null}},"55":{"start":{"line":218,"column":4},"end":{"line":233,"column":5}},"56":{"start":{"line":219,"column":21},"end":{"line":219,"column":53}},"57":{"start":{"line":221,"column":6},"end":{"line":221,"column":null}},"58":{"start":{"line":223,"column":6},"end":{"line":226,"column":null}},"59":{"start":{"line":228,"column":6},"end":{"line":228,"column":null}},"60":{"start":{"line":229,"column":6},"end":{"line":232,"column":null}},"61":{"start":{"line":237,"column":2},"end":{"line":256,"column":null}},"62":{"start":{"line":240,"column":4},"end":{"line":255,"column":5}},"63":{"start":{"line":241,"column":21},"end":{"line":241,"column":53}},"64":{"start":{"line":243,"column":6},"end":{"line":243,"column":null}},"65":{"start":{"line":245,"column":6},"end":{"line":248,"column":null}},"66":{"start":{"line":250,"column":6},"end":{"line":250,"column":null}},"67":{"start":{"line":251,"column":6},"end":{"line":254,"column":null}},"68":{"start":{"line":259,"column":2},"end":{"line":276,"column":null}},"69":{"start":{"line":262,"column":4},"end":{"line":275,"column":5}},"70":{"start":{"line":263,"column":25},"end":{"line":263,"column":78}},"71":{"start":{"line":265,"column":6},"end":{"line":268,"column":null}},"72":{"start":{"line":270,"column":6},"end":{"line":270,"column":null}},"73":{"start":{"line":271,"column":6},"end":{"line":274,"column":null}},"74":{"start":{"line":279,"column":2},"end":{"line":296,"column":null}},"75":{"start":{"line":282,"column":4},"end":{"line":295,"column":5}},"76":{"start":{"line":283,"column":25},"end":{"line":283,"column":87}},"77":{"start":{"line":285,"column":6},"end":{"line":288,"column":null}},"78":{"start":{"line":290,"column":6},"end":{"line":290,"column":null}},"79":{"start":{"line":291,"column":6},"end":{"line":294,"column":null}},"80":{"start":{"line":299,"column":2},"end":{"line":316,"column":null}},"81":{"start":{"line":302,"column":4},"end":{"line":315,"column":5}},"82":{"start":{"line":303,"column":23},"end":{"line":303,"column":93}},"83":{"start":{"line":305,"column":6},"end":{"line":308,"column":null}},"84":{"start":{"line":310,"column":6},"end":{"line":310,"column":null}},"85":{"start":{"line":311,"column":6},"end":{"line":314,"column":null}},"86":{"start":{"line":319,"column":2},"end":{"line":357,"column":null}},"87":{"start":{"line":322,"column":4},"end":{"line":356,"column":5}},"88":{"start":{"line":323,"column":23},"end":{"line":323,"column":55}},"89":{"start":{"line":325,"column":21},"end":{"line":325,"column":77}},"90":{"start":{"line":327,"column":6},"end":{"line":334,"column":7}},"91":{"start":{"line":328,"column":8},"end":{"line":333,"column":null}},"92":{"start":{"line":336,"column":6},"end":{"line":341,"column":null}},"93":{"start":{"line":343,"column":6},"end":{"line":343,"column":null}},"94":{"start":{"line":345,"column":6},"end":{"line":350,"column":7}},"95":{"start":{"line":346,"column":8},"end":{"line":349,"column":null}},"96":{"start":{"line":352,"column":6},"end":{"line":355,"column":null}},"97":{"start":{"line":360,"column":2},"end":{"line":395,"column":null}},"98":{"start":{"line":363,"column":4},"end":{"line":394,"column":5}},"99":{"start":{"line":364,"column":23},"end":{"line":364,"column":57}},"100":{"start":{"line":366,"column":23},"end":{"line":366,"column":61}},"101":{"start":{"line":368,"column":6},"end":{"line":373,"column":7}},"102":{"start":{"line":369,"column":8},"end":{"line":372,"column":null}},"103":{"start":{"line":376,"column":6},"end":{"line":387,"column":null}},"104":{"start":{"line":389,"column":6},"end":{"line":389,"column":null}},"105":{"start":{"line":390,"column":6},"end":{"line":393,"column":null}},"106":{"start":{"line":398,"column":2},"end":{"line":463,"column":null}},"107":{"start":{"line":401,"column":4},"end":{"line":462,"column":5}},"108":{"start":{"line":402,"column":21},"end":{"line":402,"column":53}},"109":{"start":{"line":403,"column":24},"end":{"line":403,"column":57}},"110":{"start":{"line":406,"column":23},"end":{"line":406,"column":75}},"111":{"start":{"line":408,"column":6},"end":{"line":413,"column":7}},"112":{"start":{"line":409,"column":8},"end":{"line":412,"column":null}},"113":{"start":{"line":416,"column":6},"end":{"line":421,"column":7}},"114":{"start":{"line":417,"column":8},"end":{"line":420,"column":null}},"115":{"start":{"line":424,"column":26},"end":{"line":424,"column":68}},"116":{"start":{"line":425,"column":28},"end":{"line":425,"column":105}},"117":{"start":{"line":425,"column":62},"end":{"line":425,"column":104}},"118":{"start":{"line":426,"column":25},"end":{"line":426,"column":103}},"119":{"start":{"line":428,"column":24},"end":{"line":439,"column":null}},"120":{"start":{"line":442,"column":21},"end":{"line":442,"column":80}},"121":{"start":{"line":444,"column":6},"end":{"line":449,"column":7}},"122":{"start":{"line":445,"column":8},"end":{"line":448,"column":null}},"123":{"start":{"line":451,"column":6},"end":{"line":455,"column":null}},"124":{"start":{"line":457,"column":6},"end":{"line":457,"column":null}},"125":{"start":{"line":458,"column":6},"end":{"line":461,"column":null}},"126":{"start":{"line":466,"column":2},"end":{"line":500,"column":null}},"127":{"start":{"line":469,"column":4},"end":{"line":499,"column":5}},"128":{"start":{"line":470,"column":21},"end":{"line":470,"column":53}},"129":{"start":{"line":472,"column":6},"end":{"line":472,"column":null}},"130":{"start":{"line":474,"column":6},"end":{"line":477,"column":null}},"131":{"start":{"line":479,"column":6},"end":{"line":479,"column":null}},"132":{"start":{"line":481,"column":6},"end":{"line":486,"column":7}},"133":{"start":{"line":482,"column":8},"end":{"line":485,"column":null}},"134":{"start":{"line":488,"column":6},"end":{"line":493,"column":7}},"135":{"start":{"line":489,"column":8},"end":{"line":492,"column":null}},"136":{"start":{"line":495,"column":6},"end":{"line":498,"column":null}}},"fnMap":{"0":{"name":"(anonymous_0)","decl":{"start":{"line":27,"column":10},"end":{"line":27,"column":14}},"loc":{"start":{"line":27,"column":18},"end":{"line":27,"column":52}}},"1":{"name":"(anonymous_1)","decl":{"start":{"line":30,"column":10},"end":{"line":30,"column":14}},"loc":{"start":{"line":30,"column":18},"end":{"line":30,"column":47}}},"2":{"name":"(anonymous_2)","decl":{"start":{"line":47,"column":33},"end":{"line":47,"column":36}},"loc":{"start":{"line":47,"column":40},"end":{"line":47,"column":54}}},"3":{"name":"activitiesRoutes","decl":{"start":{"line":65,"column":22},"end":{"line":65,"column":38}},"loc":{"start":{"line":65,"column":63},"end":{"line":501,"column":1}}},"4":{"name":"(anonymous_4)","decl":{"start":{"line":69,"column":5},"end":{"line":69,"column":10}},"loc":{"start":{"line":69,"column":30},"end":{"line":91,"column":3}}},"5":{"name":"(anonymous_5)","decl":{"start":{"line":96,"column":5},"end":{"line":96,"column":10}},"loc":{"start":{"line":96,"column":30},"end":{"line":121,"column":3}}},"6":{"name":"(anonymous_6)","decl":{"start":{"line":126,"column":5},"end":{"line":126,"column":10}},"loc":{"start":{"line":126,"column":30},"end":{"line":150,"column":3}}},"7":{"name":"(anonymous_7)","decl":{"start":{"line":155,"column":5},"end":{"line":155,"column":10}},"loc":{"start":{"line":155,"column":30},"end":{"line":182,"column":3}}},"8":{"name":"(anonymous_8)","decl":{"start":{"line":187,"column":5},"end":{"line":187,"column":10}},"loc":{"start":{"line":187,"column":30},"end":{"line":212,"column":3}}},"9":{"name":"(anonymous_9)","decl":{"start":{"line":217,"column":5},"end":{"line":217,"column":10}},"loc":{"start":{"line":217,"column":30},"end":{"line":234,"column":3}}},"10":{"name":"(anonymous_10)","decl":{"start":{"line":239,"column":5},"end":{"line":239,"column":10}},"loc":{"start":{"line":239,"column":30},"end":{"line":256,"column":3}}},"11":{"name":"(anonymous_11)","decl":{"start":{"line":261,"column":5},"end":{"line":261,"column":10}},"loc":{"start":{"line":261,"column":30},"end":{"line":276,"column":3}}},"12":{"name":"(anonymous_12)","decl":{"start":{"line":281,"column":5},"end":{"line":281,"column":10}},"loc":{"start":{"line":281,"column":30},"end":{"line":296,"column":3}}},"13":{"name":"(anonymous_13)","decl":{"start":{"line":301,"column":5},"end":{"line":301,"column":10}},"loc":{"start":{"line":301,"column":30},"end":{"line":316,"column":3}}},"14":{"name":"(anonymous_14)","decl":{"start":{"line":321,"column":5},"end":{"line":321,"column":10}},"loc":{"start":{"line":321,"column":30},"end":{"line":357,"column":3}}},"15":{"name":"(anonymous_15)","decl":{"start":{"line":362,"column":5},"end":{"line":362,"column":10}},"loc":{"start":{"line":362,"column":30},"end":{"line":395,"column":3}}},"16":{"name":"(anonymous_16)","decl":{"start":{"line":400,"column":5},"end":{"line":400,"column":10}},"loc":{"start":{"line":400,"column":30},"end":{"line":463,"column":3}}},"17":{"name":"(anonymous_17)","decl":{"start":{"line":425,"column":55},"end":{"line":425,"column":58}},"loc":{"start":{"line":425,"column":62},"end":{"line":425,"column":104}}},"18":{"name":"(anonymous_18)","decl":{"start":{"line":468,"column":5},"end":{"line":468,"column":10}},"loc":{"start":{"line":468,"column":30},"end":{"line":500,"column":3}}}},"branchMap":{"0":{"loc":{"start":{"line":118,"column":15},"end":{"line":118,"column":99}},"type":"cond-expr","locations":[{"start":{"line":118,"column":40},"end":{"line":118,"column":53}},{"start":{"line":118,"column":56},"end":{"line":118,"column":99}}]},"1":{"loc":{"start":{"line":132,"column":6},"end":{"line":137,"column":7}},"type":"if","locations":[{"start":{"line":132,"column":6},"end":{"line":137,"column":7}},{"start":{},"end":{}}]},"2":{"loc":{"start":{"line":170,"column":6},"end":{"line":175,"column":7}},"type":"if","locations":[{"start":{"line":170,"column":6},"end":{"line":175,"column":7}},{"start":{},"end":{}}]},"3":{"loc":{"start":{"line":170,"column":10},"end":{"line":170,"column":70}},"type":"binary-expr","locations":[{"start":{"line":170,"column":10},"end":{"line":170,"column":32}},{"start":{"line":170,"column":36},"end":{"line":170,"column":70}}]},"4":{"loc":{"start":{"line":179,"column":15},"end":{"line":179,"column":102}},"type":"cond-expr","locations":[{"start":{"line":179,"column":40},"end":{"line":179,"column":53}},{"start":{"line":179,"column":56},"end":{"line":179,"column":102}}]},"5":{"loc":{"start":{"line":200,"column":6},"end":{"line":205,"column":7}},"type":"if","locations":[{"start":{"line":200,"column":6},"end":{"line":205,"column":7}},{"start":{},"end":{}}]},"6":{"loc":{"start":{"line":200,"column":10},"end":{"line":200,"column":70}},"type":"binary-expr","locations":[{"start":{"line":200,"column":10},"end":{"line":200,"column":32}},{"start":{"line":200,"column":36},"end":{"line":200,"column":70}}]},"7":{"loc":{"start":{"line":209,"column":15},"end":{"line":209,"column":102}},"type":"cond-expr","locations":[{"start":{"line":209,"column":40},"end":{"line":209,"column":53}},{"start":{"line":209,"column":56},"end":{"line":209,"column":102}}]},"8":{"loc":{"start":{"line":231,"column":15},"end":{"line":231,"column":86}},"type":"cond-expr","locations":[{"start":{"line":231,"column":40},"end":{"line":231,"column":53}},{"start":{"line":231,"column":56},"end":{"line":231,"column":86}}]},"9":{"loc":{"start":{"line":327,"column":6},"end":{"line":334,"column":7}},"type":"if","locations":[{"start":{"line":327,"column":6},"end":{"line":334,"column":7}},{"start":{},"end":{}}]},"10":{"loc":{"start":{"line":345,"column":6},"end":{"line":350,"column":7}},"type":"if","locations":[{"start":{"line":345,"column":6},"end":{"line":350,"column":7}},{"start":{},"end":{}}]},"11":{"loc":{"start":{"line":345,"column":10},"end":{"line":345,"column":70}},"type":"binary-expr","locations":[{"start":{"line":345,"column":10},"end":{"line":345,"column":32}},{"start":{"line":345,"column":36},"end":{"line":345,"column":70}}]},"12":{"loc":{"start":{"line":354,"column":15},"end":{"line":354,"column":110}},"type":"cond-expr","locations":[{"start":{"line":354,"column":40},"end":{"line":354,"column":53}},{"start":{"line":354,"column":56},"end":{"line":354,"column":110}}]},"13":{"loc":{"start":{"line":368,"column":6},"end":{"line":373,"column":7}},"type":"if","locations":[{"start":{"line":368,"column":6},"end":{"line":373,"column":7}},{"start":{},"end":{}}]},"14":{"loc":{"start":{"line":408,"column":6},"end":{"line":413,"column":7}},"type":"if","locations":[{"start":{"line":408,"column":6},"end":{"line":413,"column":7}},{"start":{},"end":{}}]},"15":{"loc":{"start":{"line":416,"column":6},"end":{"line":421,"column":7}},"type":"if","locations":[{"start":{"line":416,"column":6},"end":{"line":421,"column":7}},{"start":{},"end":{}}]},"16":{"loc":{"start":{"line":426,"column":28},"end":{"line":426,"column":79}},"type":"binary-expr","locations":[{"start":{"line":426,"column":28},"end":{"line":426,"column":52}},{"start":{"line":426,"column":56},"end":{"line":426,"column":79}}]},"17":{"loc":{"start":{"line":435,"column":23},"end":{"line":435,"column":87}},"type":"cond-expr","locations":[{"start":{"line":435,"column":61},"end":{"line":435,"column":75}},{"start":{"line":435,"column":78},"end":{"line":435,"column":87}}]},"18":{"loc":{"start":{"line":444,"column":6},"end":{"line":449,"column":7}},"type":"if","locations":[{"start":{"line":444,"column":6},"end":{"line":449,"column":7}},{"start":{},"end":{}}]},"19":{"loc":{"start":{"line":447,"column":17},"end":{"line":447,"column":70}},"type":"binary-expr","locations":[{"start":{"line":447,"column":17},"end":{"line":447,"column":29}},{"start":{"line":447,"column":33},"end":{"line":447,"column":70}}]},"20":{"loc":{"start":{"line":460,"column":15},"end":{"line":460,"column":98}},"type":"cond-expr","locations":[{"start":{"line":460,"column":40},"end":{"line":460,"column":53}},{"start":{"line":460,"column":56},"end":{"line":460,"column":98}}]},"21":{"loc":{"start":{"line":481,"column":6},"end":{"line":486,"column":7}},"type":"if","locations":[{"start":{"line":481,"column":6},"end":{"line":486,"column":7}},{"start":{},"end":{}}]},"22":{"loc":{"start":{"line":481,"column":10},"end":{"line":481,"column":67}},"type":"binary-expr","locations":[{"start":{"line":481,"column":10},"end":{"line":481,"column":32}},{"start":{"line":481,"column":36},"end":{"line":481,"column":67}}]},"23":{"loc":{"start":{"line":488,"column":6},"end":{"line":493,"column":7}},"type":"if","locations":[{"start":{"line":488,"column":6},"end":{"line":493,"column":7}},{"start":{},"end":{}}]},"24":{"loc":{"start":{"line":488,"column":10},"end":{"line":488,"column":73}},"type":"binary-expr","locations":[{"start":{"line":488,"column":10},"end":{"line":488,"column":32}},{"start":{"line":488,"column":36},"end":{"line":488,"column":73}}]},"25":{"loc":{"start":{"line":497,"column":15},"end":{"line":497,"column":108}},"type":"cond-expr","locations":[{"start":{"line":497,"column":40},"end":{"line":497,"column":53}},{"start":{"line":497,"column":56},"end":{"line":497,"column":108}}]}},"s":{"0":0,"1":0,"2":0,"3":0,"4":0,"5":0,"6":0,"7":0,"8":0,"9":0,"10":0,"11":0,"12":0,"13":0,"14":0,"15":0,"16":0,"17":0,"18":0,"19":0,"20":0,"21":0,"22":0,"23":0,"24":0,"25":0,"26":0,"27":0,"28":0,"29":0,"30":0,"31":0,"32":0,"33":0,"34":0,"35":0,"36":0,"37":0,"38":0,"39":0,"40":0,"41":0,"42":0,"43":0,"44":0,"45":0,"46":0,"47":0,"48":0,"49":0,"50":0,"51":0,"52":0,"53":0,"54":0,"55":0,"56":0,"57":0,"58":0,"59":0,"60":0,"61":0,"62":0,"63":0,"64":0,"65":0,"66":0,"67":0,"68":0,"69":0,"70":0,"71":0,"72":0,"73":0,"74":0,"75":0,"76":0,"77":0,"78":0,"79":0,"80":0,"81":0,"82":0,"83":0,"84":0,"85":0,"86":0,"87":0,"88":0,"89":0,"90":0,"91":0,"92":0,"93":0,"94":0,"95":0,"96":0,"97":0,"98":0,"99":0,"100":0,"101":0,"102":0,"103":0,"104":0,"105":0,"106":0,"107":0,"108":0,"109":0,"110":0,"111":0,"112":0,"113":0,"114":0,"115":0,"116":0,"117":0,"118":0,"119":0,"120":0,"121":0,"122":0,"123":0,"124":0,"125":0,"126":0,"127":0,"128":0,"129":0,"130":0,"131":0,"132":0,"133":0,"134":0,"135":0,"136":0},"f":{"0":0,"1":0,"2":0,"3":0,"4":0,"5":0,"6":0,"7":0,"8":0,"9":0,"10":0,"11":0,"12":0,"13":0,"14":0,"15":0,"16":0,"17":0,"18":0},"b":{"0":[0,0],"1":[0,0],"2":[0,0],"3":[0,0],"4":[0,0],"5":[0,0],"6":[0,0],"7":[0,0],"8":[0,0],"9":[0,0],"10":[0,0],"11":[0,0],"12":[0,0],"13":[0,0],"14":[0,0],"15":[0,0],"16":[0,0],"17":[0,0],"18":[0,0],"19":[0,0],"20":[0,0],"21":[0,0],"22":[0,0],"23":[0,0],"24":[0,0],"25":[0,0]}}
,"/Users/cedric/Pro/Perso/gitlab/stepzy/packages/backend/src/routes/admin.routes.ts": {"path":"/Users/cedric/Pro/Perso/gitlab/stepzy/packages/backend/src/routes/admin.routes.ts","statementMap":{"0":{"start":{"line":15,"column":28},"end":{"line":20,"column":2}},"1":{"start":{"line":22,"column":25},"end":{"line":27,"column":2}},"2":{"start":{"line":31,"column":2},"end":{"line":50,"column":null}},"3":{"start":{"line":34,"column":4},"end":{"line":49,"column":5}},"4":{"start":{"line":35,"column":22},"end":{"line":35,"column":74}},"5":{"start":{"line":37,"column":21},"end":{"line":37,"column":57}},"6":{"start":{"line":39,"column":6},"end":{"line":42,"column":null}},"7":{"start":{"line":44,"column":6},"end":{"line":44,"column":null}},"8":{"start":{"line":45,"column":6},"end":{"line":48,"column":null}},"9":{"start":{"line":53,"column":2},"end":{"line":89,"column":null}},"10":{"start":{"line":56,"column":4},"end":{"line":88,"column":5}},"11":{"start":{"line":57,"column":21},"end":{"line":57,"column":53}},"12":{"start":{"line":59,"column":19},"end":{"line":69,"column":8}},"13":{"start":{"line":71,"column":6},"end":{"line":76,"column":7}},"14":{"start":{"line":72,"column":8},"end":{"line":75,"column":null}},"15":{"start":{"line":78,"column":6},"end":{"line":81,"column":null}},"16":{"start":{"line":83,"column":6},"end":{"line":83,"column":null}},"17":{"start":{"line":84,"column":6},"end":{"line":87,"column":null}},"18":{"start":{"line":92,"column":2},"end":{"line":113,"column":null}},"19":{"start":{"line":95,"column":4},"end":{"line":112,"column":5}},"20":{"start":{"line":96,"column":21},"end":{"line":96,"column":53}},"21":{"start":{"line":97,"column":19},"end":{"line":97,"column":67}},"22":{"start":{"line":99,"column":19},"end":{"line":99,"column":58}},"23":{"start":{"line":101,"column":6},"end":{"line":105,"column":null}},"24":{"start":{"line":107,"column":6},"end":{"line":107,"column":null}},"25":{"start":{"line":108,"column":6},"end":{"line":111,"column":null}},"26":{"start":{"line":116,"column":2},"end":{"line":143,"column":null}},"27":{"start":{"line":119,"column":4},"end":{"line":142,"column":5}},"28":{"start":{"line":120,"column":21},"end":{"line":120,"column":53}},"29":{"start":{"line":123,"column":6},"end":{"line":128,"column":7}},"30":{"start":{"line":124,"column":8},"end":{"line":127,"column":null}},"31":{"start":{"line":130,"column":6},"end":{"line":130,"column":null}},"32":{"start":{"line":132,"column":6},"end":{"line":135,"column":null}},"33":{"start":{"line":137,"column":6},"end":{"line":137,"column":null}},"34":{"start":{"line":138,"column":6},"end":{"line":141,"column":null}},"35":{"start":{"line":146,"column":2},"end":{"line":163,"column":null}},"36":{"start":{"line":149,"column":4},"end":{"line":162,"column":5}},"37":{"start":{"line":150,"column":20},"end":{"line":150,"column":54}},"38":{"start":{"line":152,"column":6},"end":{"line":155,"column":null}},"39":{"start":{"line":157,"column":6},"end":{"line":157,"column":null}},"40":{"start":{"line":158,"column":6},"end":{"line":161,"column":null}},"41":{"start":{"line":166,"column":2},"end":{"line":185,"column":null}},"42":{"start":{"line":169,"column":4},"end":{"line":184,"column":5}},"43":{"start":{"line":170,"column":24},"end":{"line":170,"column":59}},"44":{"start":{"line":172,"column":19},"end":{"line":172,"column":81}},"45":{"start":{"line":174,"column":6},"end":{"line":177,"column":null}},"46":{"start":{"line":179,"column":6},"end":{"line":179,"column":null}},"47":{"start":{"line":180,"column":6},"end":{"line":183,"column":null}}},"fnMap":{"0":{"name":"adminRoutes","decl":{"start":{"line":29,"column":22},"end":{"line":29,"column":33}},"loc":{"start":{"line":29,"column":58},"end":{"line":186,"column":1}}},"1":{"name":"(anonymous_1)","decl":{"start":{"line":33,"column":5},"end":{"line":33,"column":10}},"loc":{"start":{"line":33,"column":30},"end":{"line":50,"column":3}}},"2":{"name":"(anonymous_2)","decl":{"start":{"line":55,"column":5},"end":{"line":55,"column":10}},"loc":{"start":{"line":55,"column":30},"end":{"line":89,"column":3}}},"3":{"name":"(anonymous_3)","decl":{"start":{"line":94,"column":5},"end":{"line":94,"column":10}},"loc":{"start":{"line":94,"column":30},"end":{"line":113,"column":3}}},"4":{"name":"(anonymous_4)","decl":{"start":{"line":118,"column":5},"end":{"line":118,"column":10}},"loc":{"start":{"line":118,"column":30},"end":{"line":143,"column":3}}},"5":{"name":"(anonymous_5)","decl":{"start":{"line":148,"column":5},"end":{"line":148,"column":10}},"loc":{"start":{"line":148,"column":30},"end":{"line":163,"column":3}}},"6":{"name":"(anonymous_6)","decl":{"start":{"line":168,"column":5},"end":{"line":168,"column":10}},"loc":{"start":{"line":168,"column":30},"end":{"line":185,"column":3}}}},"branchMap":{"0":{"loc":{"start":{"line":71,"column":6},"end":{"line":76,"column":7}},"type":"if","locations":[{"start":{"line":71,"column":6},"end":{"line":76,"column":7}},{"start":{},"end":{}}]},"1":{"loc":{"start":{"line":123,"column":6},"end":{"line":128,"column":7}},"type":"if","locations":[{"start":{"line":123,"column":6},"end":{"line":128,"column":7}},{"start":{},"end":{}}]},"2":{"loc":{"start":{"line":172,"column":54},"end":{"line":172,"column":80}},"type":"cond-expr","locations":[{"start":{"line":172,"column":62},"end":{"line":172,"column":75}},{"start":{"line":172,"column":78},"end":{"line":172,"column":80}}]}},"s":{"0":0,"1":0,"2":0,"3":0,"4":0,"5":0,"6":0,"7":0,"8":0,"9":0,"10":0,"11":0,"12":0,"13":0,"14":0,"15":0,"16":0,"17":0,"18":0,"19":0,"20":0,"21":0,"22":0,"23":0,"24":0,"25":0,"26":0,"27":0,"28":0,"29":0,"30":0,"31":0,"32":0,"33":0,"34":0,"35":0,"36":0,"37":0,"38":0,"39":0,"40":0,"41":0,"42":0,"43":0,"44":0,"45":0,"46":0,"47":0},"f":{"0":0,"1":0,"2":0,"3":0,"4":0,"5":0,"6":0},"b":{"0":[0,0],"1":[0,0],"2":[0,0]}}
,"/Users/cedric/Pro/Perso/gitlab/stepzy/packages/backend/src/routes/auth.routes.ts": {"path":"/Users/cedric/Pro/Perso/gitlab/stepzy/packages/backend/src/routes/auth.routes.ts","statementMap":{"0":{"start":{"line":12,"column":2},"end":{"line":68,"column":null}},"1":{"start":{"line":14,"column":16},"end":{"line":14,"column":70}},"2":{"start":{"line":18,"column":4},"end":{"line":31,"column":5}},"3":{"start":{"line":21,"column":6},"end":{"line":30,"column":7}},"4":{"start":{"line":22,"column":8},"end":{"line":29,"column":9}},"5":{"start":{"line":23,"column":10},"end":{"line":25,"column":null}},"6":{"start":{"line":27,"column":10},"end":{"line":27,"column":null}},"7":{"start":{"line":28,"column":10},"end":{"line":28,"column":null}},"8":{"start":{"line":33,"column":4},"end":{"line":67,"column":5}},"9":{"start":{"line":34,"column":25},"end":{"line":38,"column":8}},"10":{"start":{"line":41,"column":23},"end":{"line":41,"column":53}},"11":{"start":{"line":44,"column":6},"end":{"line":46,"column":null}},"12":{"start":{"line":45,"column":8},"end":{"line":45,"column":null}},"13":{"start":{"line":49,"column":6},"end":{"line":49,"column":null}},"14":{"start":{"line":52,"column":19},"end":{"line":52,"column":40}},"15":{"start":{"line":55,"column":6},"end":{"line":57,"column":7}},"16":{"start":{"line":56,"column":8},"end":{"line":56,"column":null}},"17":{"start":{"line":60,"column":6},"end":{"line":60,"column":null}},"18":{"start":{"line":62,"column":6},"end":{"line":62,"column":null}},"19":{"start":{"line":63,"column":6},"end":{"line":66,"column":null}},"20":{"start":{"line":71,"column":2},"end":{"line":77,"column":null}},"21":{"start":{"line":72,"column":4},"end":{"line":76,"column":null}}},"fnMap":{"0":{"name":"authRoutes","decl":{"start":{"line":9,"column":22},"end":{"line":9,"column":32}},"loc":{"start":{"line":9,"column":57},"end":{"line":78,"column":1}}},"1":{"name":"(anonymous_1)","decl":{"start":{"line":12,"column":29},"end":{"line":12,"column":34}},"loc":{"start":{"line":12,"column":84},"end":{"line":68,"column":3}}},"2":{"name":"(anonymous_2)","decl":{"start":{"line":44,"column":31},"end":{"line":44,"column":32}},"loc":{"start":{"line":44,"column":46},"end":{"line":46,"column":7}}},"3":{"name":"(anonymous_3)","decl":{"start":{"line":71,"column":34},"end":{"line":71,"column":39}},"loc":{"start":{"line":71,"column":45},"end":{"line":77,"column":3}}}},"branchMap":{"0":{"loc":{"start":{"line":18,"column":4},"end":{"line":31,"column":5}},"type":"if","locations":[{"start":{"line":18,"column":4},"end":{"line":31,"column":5}},{"start":{},"end":{}}]},"1":{"loc":{"start":{"line":18,"column":8},"end":{"line":18,"column":61}},"type":"binary-expr","locations":[{"start":{"line":18,"column":8},"end":{"line":18,"column":32}},{"start":{"line":18,"column":36},"end":{"line":18,"column":61}}]},"2":{"loc":{"start":{"line":21,"column":6},"end":{"line":30,"column":7}},"type":"if","locations":[{"start":{"line":21,"column":6},"end":{"line":30,"column":7}},{"start":{},"end":{}}]},"3":{"loc":{"start":{"line":21,"column":10},"end":{"line":21,"column":61}},"type":"binary-expr","locations":[{"start":{"line":21,"column":10},"end":{"line":21,"column":31}},{"start":{"line":21,"column":35},"end":{"line":21,"column":61}}]},"4":{"loc":{"start":{"line":23,"column":24},"end":{"line":25,"column":42}},"type":"cond-expr","locations":[{"start":{"line":24,"column":14},"end":{"line":24,"column":26}},{"start":{"line":25,"column":14},"end":{"line":25,"column":42}}]},"5":{"loc":{"start":{"line":55,"column":6},"end":{"line":57,"column":7}},"type":"if","locations":[{"start":{"line":55,"column":6},"end":{"line":57,"column":7}},{"start":{},"end":{}}]},"6":{"loc":{"start":{"line":65,"column":17},"end":{"line":65,"column":73}},"type":"cond-expr","locations":[{"start":{"line":65,"column":42},"end":{"line":65,"column":55}},{"start":{"line":65,"column":58},"end":{"line":65,"column":73}}]}},"s":{"0":0,"1":0,"2":0,"3":0,"4":0,"5":0,"6":0,"7":0,"8":0,"9":0,"10":0,"11":0,"12":0,"13":0,"14":0,"15":0,"16":0,"17":0,"18":0,"19":0,"20":0,"21":0},"f":{"0":0,"1":0,"2":0,"3":0},"b":{"0":[0,0],"1":[0,0],"2":[0,0],"3":[0,0],"4":[0,0],"5":[0,0],"6":[0,0]}}
,"/Users/cedric/Pro/Perso/gitlab/stepzy/packages/backend/src/routes/sessions.routes.ts": {"path":"/Users/cedric/Pro/Perso/gitlab/stepzy/packages/backend/src/routes/sessions.routes.ts","statementMap":{"0":{"start":{"line":12,"column":28},"end":{"line":15,"column":2}},"1":{"start":{"line":19,"column":2},"end":{"line":45,"column":null}},"2":{"start":{"line":22,"column":4},"end":{"line":44,"column":5}},"3":{"start":{"line":23,"column":21},"end":{"line":23,"column":53}},"4":{"start":{"line":25,"column":22},"end":{"line":25,"column":63}},"5":{"start":{"line":27,"column":6},"end":{"line":32,"column":7}},"6":{"start":{"line":28,"column":8},"end":{"line":31,"column":null}},"7":{"start":{"line":34,"column":6},"end":{"line":37,"column":null}},"8":{"start":{"line":39,"column":6},"end":{"line":39,"column":null}},"9":{"start":{"line":40,"column":6},"end":{"line":43,"column":null}},"10":{"start":{"line":48,"column":2},"end":{"line":69,"column":null}},"11":{"start":{"line":51,"column":4},"end":{"line":68,"column":5}},"12":{"start":{"line":52,"column":21},"end":{"line":52,"column":53}},"13":{"start":{"line":53,"column":19},"end":{"line":53,"column":70}},"14":{"start":{"line":55,"column":22},"end":{"line":55,"column":67}},"15":{"start":{"line":57,"column":6},"end":{"line":61,"column":null}},"16":{"start":{"line":63,"column":6},"end":{"line":63,"column":null}},"17":{"start":{"line":64,"column":6},"end":{"line":67,"column":null}},"18":{"start":{"line":72,"column":2},"end":{"line":104,"column":null}},"19":{"start":{"line":75,"column":4},"end":{"line":103,"column":5}},"20":{"start":{"line":76,"column":21},"end":{"line":76,"column":53}},"21":{"start":{"line":78,"column":26},"end":{"line":78,"column":88}},"22":{"start":{"line":80,"column":22},"end":{"line":82,"column":61}},"23":{"start":{"line":84,"column":6},"end":{"line":88,"column":null}},"24":{"start":{"line":90,"column":6},"end":{"line":90,"column":null}},"25":{"start":{"line":92,"column":6},"end":{"line":97,"column":7}},"26":{"start":{"line":93,"column":8},"end":{"line":96,"column":null}},"27":{"start":{"line":99,"column":6},"end":{"line":102,"column":null}},"28":{"start":{"line":107,"column":2},"end":{"line":134,"column":null}},"29":{"start":{"line":110,"column":4},"end":{"line":133,"column":5}},"30":{"start":{"line":111,"column":21},"end":{"line":111,"column":53}},"31":{"start":{"line":113,"column":6},"end":{"line":113,"column":null}},"32":{"start":{"line":115,"column":6},"end":{"line":118,"column":null}},"33":{"start":{"line":120,"column":6},"end":{"line":120,"column":null}},"34":{"start":{"line":122,"column":6},"end":{"line":127,"column":7}},"35":{"start":{"line":123,"column":8},"end":{"line":126,"column":null}},"36":{"start":{"line":129,"column":6},"end":{"line":132,"column":null}}},"fnMap":{"0":{"name":"sessionsRoutes","decl":{"start":{"line":17,"column":22},"end":{"line":17,"column":36}},"loc":{"start":{"line":17,"column":61},"end":{"line":135,"column":1}}},"1":{"name":"(anonymous_1)","decl":{"start":{"line":21,"column":5},"end":{"line":21,"column":10}},"loc":{"start":{"line":21,"column":30},"end":{"line":45,"column":3}}},"2":{"name":"(anonymous_2)","decl":{"start":{"line":50,"column":5},"end":{"line":50,"column":10}},"loc":{"start":{"line":50,"column":30},"end":{"line":69,"column":3}}},"3":{"name":"(anonymous_3)","decl":{"start":{"line":74,"column":5},"end":{"line":74,"column":10}},"loc":{"start":{"line":74,"column":30},"end":{"line":104,"column":3}}},"4":{"name":"(anonymous_4)","decl":{"start":{"line":109,"column":5},"end":{"line":109,"column":10}},"loc":{"start":{"line":109,"column":30},"end":{"line":134,"column":3}}}},"branchMap":{"0":{"loc":{"start":{"line":27,"column":6},"end":{"line":32,"column":7}},"type":"if","locations":[{"start":{"line":27,"column":6},"end":{"line":32,"column":7}},{"start":{},"end":{}}]},"1":{"loc":{"start":{"line":66,"column":15},"end":{"line":66,"column":101}},"type":"cond-expr","locations":[{"start":{"line":66,"column":40},"end":{"line":66,"column":53}},{"start":{"line":66,"column":56},"end":{"line":66,"column":101}}]},"2":{"loc":{"start":{"line":80,"column":22},"end":{"line":82,"column":61}},"type":"cond-expr","locations":[{"start":{"line":81,"column":10},"end":{"line":81,"column":52}},{"start":{"line":82,"column":10},"end":{"line":82,"column":61}}]},"3":{"loc":{"start":{"line":92,"column":6},"end":{"line":97,"column":7}},"type":"if","locations":[{"start":{"line":92,"column":6},"end":{"line":97,"column":7}},{"start":{},"end":{}}]},"4":{"loc":{"start":{"line":122,"column":6},"end":{"line":127,"column":7}},"type":"if","locations":[{"start":{"line":122,"column":6},"end":{"line":127,"column":7}},{"start":{},"end":{}}]}},"s":{"0":0,"1":0,"2":0,"3":0,"4":0,"5":0,"6":0,"7":0,"8":0,"9":0,"10":0,"11":0,"12":0,"13":0,"14":0,"15":0,"16":0,"17":0,"18":0,"19":0,"20":0,"21":0,"22":0,"23":0,"24":0,"25":0,"26":0,"27":0,"28":0,"29":0,"30":0,"31":0,"32":0,"33":0,"34":0,"35":0,"36":0},"f":{"0":0,"1":0,"2":0,"3":0,"4":0},"b":{"0":[0,0],"1":[0,0],"2":[0,0],"3":[0,0],"4":[0,0]}}
,"/Users/cedric/Pro/Perso/gitlab/stepzy/packages/backend/src/routes/users.routes.ts": {"path":"/Users/cedric/Pro/Perso/gitlab/stepzy/packages/backend/src/routes/users.routes.ts","statementMap":{"0":{"start":{"line":13,"column":28},"end":{"line":17,"column":2}},"1":{"start":{"line":19,"column":32},"end":{"line":23,"column":2}},"2":{"start":{"line":27,"column":2},"end":{"line":51,"column":null}},"3":{"start":{"line":30,"column":4},"end":{"line":50,"column":5}},"4":{"start":{"line":31,"column":19},"end":{"line":31,"column":63}},"5":{"start":{"line":33,"column":6},"end":{"line":38,"column":7}},"6":{"start":{"line":34,"column":8},"end":{"line":37,"column":null}},"7":{"start":{"line":40,"column":6},"end":{"line":43,"column":null}},"8":{"start":{"line":45,"column":6},"end":{"line":45,"column":null}},"9":{"start":{"line":46,"column":6},"end":{"line":49,"column":null}},"10":{"start":{"line":54,"column":2},"end":{"line":80,"column":null}},"11":{"start":{"line":57,"column":4},"end":{"line":79,"column":5}},"12":{"start":{"line":58,"column":21},"end":{"line":58,"column":53}},"13":{"start":{"line":60,"column":19},"end":{"line":60,"column":49}},"14":{"start":{"line":62,"column":6},"end":{"line":67,"column":7}},"15":{"start":{"line":63,"column":8},"end":{"line":66,"column":null}},"16":{"start":{"line":69,"column":6},"end":{"line":72,"column":null}},"17":{"start":{"line":74,"column":6},"end":{"line":74,"column":null}},"18":{"start":{"line":75,"column":6},"end":{"line":78,"column":null}},"19":{"start":{"line":83,"column":2},"end":{"line":111,"column":null}},"20":{"start":{"line":86,"column":4},"end":{"line":110,"column":5}},"21":{"start":{"line":87,"column":19},"end":{"line":87,"column":70}},"22":{"start":{"line":89,"column":19},"end":{"line":89,"column":74}},"23":{"start":{"line":91,"column":6},"end":{"line":95,"column":null}},"24":{"start":{"line":97,"column":6},"end":{"line":97,"column":null}},"25":{"start":{"line":99,"column":6},"end":{"line":104,"column":7}},"26":{"start":{"line":100,"column":8},"end":{"line":103,"column":null}},"27":{"start":{"line":106,"column":6},"end":{"line":109,"column":null}},"28":{"start":{"line":114,"column":2},"end":{"line":137,"column":null}},"29":{"start":{"line":118,"column":40},"end":{"line":118,"column":76}},"30":{"start":{"line":121,"column":4},"end":{"line":136,"column":5}},"31":{"start":{"line":122,"column":21},"end":{"line":122,"column":53}},"32":{"start":{"line":124,"column":20},"end":{"line":124,"column":50}},"33":{"start":{"line":126,"column":6},"end":{"line":129,"column":null}},"34":{"start":{"line":131,"column":6},"end":{"line":131,"column":null}},"35":{"start":{"line":132,"column":6},"end":{"line":135,"column":null}},"36":{"start":{"line":140,"column":2},"end":{"line":163,"column":null}},"37":{"start":{"line":144,"column":40},"end":{"line":144,"column":76}},"38":{"start":{"line":147,"column":4},"end":{"line":162,"column":5}},"39":{"start":{"line":148,"column":21},"end":{"line":148,"column":53}},"40":{"start":{"line":150,"column":23},"end":{"line":150,"column":62}},"41":{"start":{"line":152,"column":6},"end":{"line":155,"column":null}},"42":{"start":{"line":157,"column":6},"end":{"line":157,"column":null}},"43":{"start":{"line":158,"column":6},"end":{"line":161,"column":null}},"44":{"start":{"line":166,"column":2},"end":{"line":186,"column":null}},"45":{"start":{"line":169,"column":4},"end":{"line":185,"column":5}},"46":{"start":{"line":170,"column":26},"end":{"line":170,"column":38}},"47":{"start":{"line":172,"column":21},"end":{"line":172,"column":87}},"48":{"start":{"line":174,"column":6},"end":{"line":178,"column":null}},"49":{"start":{"line":180,"column":6},"end":{"line":180,"column":null}},"50":{"start":{"line":181,"column":6},"end":{"line":184,"column":null}}},"fnMap":{"0":{"name":"usersRoutes","decl":{"start":{"line":25,"column":22},"end":{"line":25,"column":33}},"loc":{"start":{"line":25,"column":58},"end":{"line":187,"column":1}}},"1":{"name":"(anonymous_1)","decl":{"start":{"line":29,"column":5},"end":{"line":29,"column":10}},"loc":{"start":{"line":29,"column":30},"end":{"line":51,"column":3}}},"2":{"name":"(anonymous_2)","decl":{"start":{"line":56,"column":5},"end":{"line":56,"column":10}},"loc":{"start":{"line":56,"column":30},"end":{"line":80,"column":3}}},"3":{"name":"(anonymous_3)","decl":{"start":{"line":85,"column":5},"end":{"line":85,"column":10}},"loc":{"start":{"line":85,"column":30},"end":{"line":111,"column":3}}},"4":{"name":"(anonymous_4)","decl":{"start":{"line":118,"column":26},"end":{"line":118,"column":27}},"loc":{"start":{"line":118,"column":40},"end":{"line":118,"column":76}}},"5":{"name":"(anonymous_5)","decl":{"start":{"line":120,"column":5},"end":{"line":120,"column":10}},"loc":{"start":{"line":120,"column":30},"end":{"line":137,"column":3}}},"6":{"name":"(anonymous_6)","decl":{"start":{"line":144,"column":26},"end":{"line":144,"column":27}},"loc":{"start":{"line":144,"column":40},"end":{"line":144,"column":76}}},"7":{"name":"(anonymous_7)","decl":{"start":{"line":146,"column":5},"end":{"line":146,"column":10}},"loc":{"start":{"line":146,"column":30},"end":{"line":163,"column":3}}},"8":{"name":"(anonymous_8)","decl":{"start":{"line":168,"column":5},"end":{"line":168,"column":10}},"loc":{"start":{"line":168,"column":30},"end":{"line":186,"column":3}}}},"branchMap":{"0":{"loc":{"start":{"line":33,"column":6},"end":{"line":38,"column":7}},"type":"if","locations":[{"start":{"line":33,"column":6},"end":{"line":38,"column":7}},{"start":{},"end":{}}]},"1":{"loc":{"start":{"line":62,"column":6},"end":{"line":67,"column":7}},"type":"if","locations":[{"start":{"line":62,"column":6},"end":{"line":67,"column":7}},{"start":{},"end":{}}]},"2":{"loc":{"start":{"line":99,"column":6},"end":{"line":104,"column":7}},"type":"if","locations":[{"start":{"line":99,"column":6},"end":{"line":104,"column":7}},{"start":{},"end":{}}]}},"s":{"0":0,"1":0,"2":0,"3":0,"4":0,"5":0,"6":0,"7":0,"8":0,"9":0,"10":0,"11":0,"12":0,"13":0,"14":0,"15":0,"16":0,"17":0,"18":0,"19":0,"20":0,"21":0,"22":0,"23":0,"24":0,"25":0,"26":0,"27":0,"28":0,"29":0,"30":0,"31":0,"32":0,"33":0,"34":0,"35":0,"36":0,"37":0,"38":0,"39":0,"40":0,"41":0,"42":0,"43":0,"44":0,"45":0,"46":0,"47":0,"48":0,"49":0,"50":0},"f":{"0":0,"1":0,"2":0,"3":0,"4":0,"5":0,"6":0,"7":0,"8":0},"b":{"0":[0,0],"1":[0,0],"2":[0,0]}}
,"/Users/cedric/Pro/Perso/gitlab/stepzy/packages/backend/src/services/activity-session.service.ts": {"path":"/Users/cedric/Pro/Perso/gitlab/stepzy/packages/backend/src/services/activity-session.service.ts","statementMap":{"0":{"start":{"line":17,"column":21},"end":{"line":19,"column":6}},"1":{"start":{"line":21,"column":4},"end":{"line":23,"column":5}},"2":{"start":{"line":22,"column":6},"end":{"line":22,"column":null}},"3":{"start":{"line":25,"column":40},"end":{"line":25,"column":42}},"4":{"start":{"line":26,"column":20},"end":{"line":26,"column":38}},"5":{"start":{"line":27,"column":4},"end":{"line":27,"column":null}},"6":{"start":{"line":30,"column":4},"end":{"line":34,"column":5}},"7":{"start":{"line":31,"column":6},"end":{"line":31,"column":null}},"8":{"start":{"line":32,"column":11},"end":{"line":34,"column":5}},"9":{"start":{"line":33,"column":6},"end":{"line":33,"column":null}},"10":{"start":{"line":36,"column":4},"end":{"line":36,"column":null}},"11":{"start":{"line":47,"column":40},"end":{"line":47,"column":42}},"12":{"start":{"line":48,"column":50},"end":{"line":56,"column":null}},"13":{"start":{"line":59,"column":4},"end":{"line":106,"column":5}},"14":{"start":{"line":60,"column":30},"end":{"line":60,"column":51}},"15":{"start":{"line":61,"column":24},"end":{"line":61,"column":42}},"16":{"start":{"line":64,"column":6},"end":{"line":66,"column":7}},"17":{"start":{"line":65,"column":8},"end":{"line":65,"column":null}},"18":{"start":{"line":69,"column":6},"end":{"line":105,"column":7}},"19":{"start":{"line":71,"column":27},"end":{"line":71,"column":48}},"20":{"start":{"line":72,"column":8},"end":{"line":72,"column":null}},"21":{"start":{"line":74,"column":25},"end":{"line":74,"column":46}},"22":{"start":{"line":75,"column":8},"end":{"line":75,"column":null}},"23":{"start":{"line":77,"column":32},"end":{"line":85,"column":10}},"24":{"start":{"line":87,"column":8},"end":{"line":102,"column":9}},"25":{"start":{"line":89,"column":30},"end":{"line":89,"column":51}},"26":{"start":{"line":90,"column":10},"end":{"line":90,"column":null}},"27":{"start":{"line":92,"column":26},"end":{"line":99,"column":12}},"28":{"start":{"line":101,"column":10},"end":{"line":101,"column":null}},"29":{"start":{"line":104,"column":8},"end":{"line":104,"column":55}},"30":{"start":{"line":108,"column":4},"end":{"line":108,"column":null}},"31":{"start":{"line":119,"column":40},"end":{"line":119,"column":42}},"32":{"start":{"line":120,"column":50},"end":{"line":128,"column":null}},"33":{"start":{"line":131,"column":4},"end":{"line":183,"column":5}},"34":{"start":{"line":132,"column":30},"end":{"line":132,"column":51}},"35":{"start":{"line":133,"column":24},"end":{"line":133,"column":42}},"36":{"start":{"line":136,"column":6},"end":{"line":182,"column":7}},"37":{"start":{"line":138,"column":32},"end":{"line":138,"column":94}},"38":{"start":{"line":139,"column":25},"end":{"line":139,"column":50}},"39":{"start":{"line":141,"column":8},"end":{"line":143,"column":9}},"40":{"start":{"line":142,"column":10},"end":{"line":142,"column":null}},"41":{"start":{"line":146,"column":8},"end":{"line":178,"column":9}},"42":{"start":{"line":147,"column":29},"end":{"line":147,"column":49}},"43":{"start":{"line":148,"column":10},"end":{"line":148,"column":null}},"44":{"start":{"line":150,"column":27},"end":{"line":150,"column":47}},"45":{"start":{"line":151,"column":10},"end":{"line":151,"column":null}},"46":{"start":{"line":153,"column":34},"end":{"line":161,"column":12}},"47":{"start":{"line":163,"column":10},"end":{"line":177,"column":11}},"48":{"start":{"line":164,"column":32},"end":{"line":164,"column":52}},"49":{"start":{"line":165,"column":12},"end":{"line":165,"column":null}},"50":{"start":{"line":167,"column":28},"end":{"line":174,"column":14}},"51":{"start":{"line":176,"column":12},"end":{"line":176,"column":null}},"52":{"start":{"line":181,"column":8},"end":{"line":181,"column":null}},"53":{"start":{"line":185,"column":4},"end":{"line":185,"column":null}},"54":{"start":{"line":193,"column":42},"end":{"line":193,"column":44}},"55":{"start":{"line":194,"column":4},"end":{"line":200,"column":5}},"56":{"start":{"line":195,"column":28},"end":{"line":198,"column":8}},"57":{"start":{"line":199,"column":6},"end":{"line":199,"column":null}},"58":{"start":{"line":199,"column":53},"end":{"line":199,"column":65}},"59":{"start":{"line":202,"column":21},"end":{"line":241,"column":6}},"60":{"start":{"line":244,"column":29},"end":{"line":272,"column":6}},"61":{"start":{"line":245,"column":29},"end":{"line":245,"column":94}},"62":{"start":{"line":245,"column":62},"end":{"line":245,"column":86}},"63":{"start":{"line":246,"column":27},"end":{"line":246,"column":90}},"64":{"start":{"line":246,"column":60},"end":{"line":246,"column":82}},"65":{"start":{"line":247,"column":30},"end":{"line":247,"column":96}},"66":{"start":{"line":247,"column":63},"end":{"line":247,"column":88}},"67":{"start":{"line":248,"column":29},"end":{"line":248,"column":77}},"68":{"start":{"line":251,"column":30},"end":{"line":253,"column":14}},"69":{"start":{"line":252,"column":41},"end":{"line":252,"column":60}},"70":{"start":{"line":255,"column":28},"end":{"line":255,"column":45}},"71":{"start":{"line":256,"column":22},"end":{"line":256,"column":82}},"72":{"start":{"line":258,"column":6},"end":{"line":271,"column":null}},"73":{"start":{"line":275,"column":29},"end":{"line":275,"column":98}},"74":{"start":{"line":275,"column":64},"end":{"line":275,"column":97}},"75":{"start":{"line":277,"column":4},"end":{"line":277,"column":null}},"76":{"start":{"line":279,"column":4},"end":{"line":279,"column":null}},"77":{"start":{"line":286,"column":20},"end":{"line":291,"column":6}},"78":{"start":{"line":293,"column":4},"end":{"line":295,"column":5}},"79":{"start":{"line":294,"column":6},"end":{"line":294,"column":null}},"80":{"start":{"line":297,"column":4},"end":{"line":299,"column":5}},"81":{"start":{"line":298,"column":6},"end":{"line":298,"column":null}},"82":{"start":{"line":302,"column":32},"end":{"line":302,"column":83}},"83":{"start":{"line":302,"column":63},"end":{"line":302,"column":82}},"84":{"start":{"line":303,"column":4},"end":{"line":305,"column":5}},"85":{"start":{"line":304,"column":6},"end":{"line":304,"column":null}},"86":{"start":{"line":308,"column":27},"end":{"line":308,"column":92}},"87":{"start":{"line":308,"column":60},"end":{"line":308,"column":84}},"88":{"start":{"line":310,"column":19},"end":{"line":310,"column":80}},"89":{"start":{"line":313,"column":24},"end":{"line":328,"column":6}},"90":{"start":{"line":330,"column":4},"end":{"line":330,"column":null}},"91":{"start":{"line":338,"column":24},"end":{"line":343,"column":6}},"92":{"start":{"line":345,"column":4},"end":{"line":347,"column":5}},"93":{"start":{"line":346,"column":6},"end":{"line":346,"column":null}},"94":{"start":{"line":350,"column":4},"end":{"line":352,"column":null}},"95":{"start":{"line":355,"column":4},"end":{"line":372,"column":5}},"96":{"start":{"line":356,"column":33},"end":{"line":364,"column":8}},"97":{"start":{"line":366,"column":6},"end":{"line":371,"column":7}},"98":{"start":{"line":367,"column":8},"end":{"line":370,"column":null}},"99":{"start":{"line":379,"column":4},"end":{"line":405,"column":null}},"100":{"start":{"line":412,"column":4},"end":{"line":439,"column":null}}},"fnMap":{"0":{"name":"(anonymous_0)","decl":{"start":{"line":12,"column":2},"end":{"line":12,"column":8}},"loc":{"start":{"line":15,"column":26},"end":{"line":37,"column":3}}},"1":{"name":"(anonymous_1)","decl":{"start":{"line":42,"column":10},"end":{"line":42,"column":16}},"loc":{"start":{"line":45,"column":17},"end":{"line":109,"column":3}}},"2":{"name":"(anonymous_2)","decl":{"start":{"line":114,"column":10},"end":{"line":114,"column":16}},"loc":{"start":{"line":117,"column":17},"end":{"line":186,"column":3}}},"3":{"name":"(anonymous_3)","decl":{"start":{"line":191,"column":2},"end":{"line":191,"column":8}},"loc":{"start":{"line":191,"column":70},"end":{"line":280,"column":3}}},"4":{"name":"(anonymous_4)","decl":{"start":{"line":199,"column":48},"end":{"line":199,"column":49}},"loc":{"start":{"line":199,"column":53},"end":{"line":199,"column":65}}},"5":{"name":"(anonymous_5)","decl":{"start":{"line":244,"column":42},"end":{"line":244,"column":49}},"loc":{"start":{"line":244,"column":52},"end":{"line":272,"column":5}}},"6":{"name":"(anonymous_6)","decl":{"start":{"line":245,"column":57},"end":{"line":245,"column":58}},"loc":{"start":{"line":245,"column":62},"end":{"line":245,"column":86}}},"7":{"name":"(anonymous_7)","decl":{"start":{"line":246,"column":55},"end":{"line":246,"column":56}},"loc":{"start":{"line":246,"column":60},"end":{"line":246,"column":82}}},"8":{"name":"(anonymous_8)","decl":{"start":{"line":247,"column":58},"end":{"line":247,"column":59}},"loc":{"start":{"line":247,"column":63},"end":{"line":247,"column":88}}},"9":{"name":"(anonymous_9)","decl":{"start":{"line":252,"column":36},"end":{"line":252,"column":37}},"loc":{"start":{"line":252,"column":41},"end":{"line":252,"column":60}}},"10":{"name":"(anonymous_10)","decl":{"start":{"line":275,"column":53},"end":{"line":275,"column":60}},"loc":{"start":{"line":275,"column":64},"end":{"line":275,"column":97}}},"11":{"name":"(anonymous_11)","decl":{"start":{"line":285,"column":2},"end":{"line":285,"column":8}},"loc":{"start":{"line":285,"column":60},"end":{"line":331,"column":3}}},"12":{"name":"(anonymous_12)","decl":{"start":{"line":302,"column":58},"end":{"line":302,"column":59}},"loc":{"start":{"line":302,"column":63},"end":{"line":302,"column":82}}},"13":{"name":"(anonymous_13)","decl":{"start":{"line":308,"column":55},"end":{"line":308,"column":56}},"loc":{"start":{"line":308,"column":60},"end":{"line":308,"column":84}}},"14":{"name":"(anonymous_14)","decl":{"start":{"line":336,"column":2},"end":{"line":336,"column":8}},"loc":{"start":{"line":336,"column":61},"end":{"line":373,"column":3}}},"15":{"name":"(anonymous_15)","decl":{"start":{"line":378,"column":2},"end":{"line":378,"column":8}},"loc":{"start":{"line":378,"column":41},"end":{"line":406,"column":3}}},"16":{"name":"(anonymous_16)","decl":{"start":{"line":411,"column":2},"end":{"line":411,"column":8}},"loc":{"start":{"line":411,"column":93},"end":{"line":440,"column":3}}}},"branchMap":{"0":{"loc":{"start":{"line":15,"column":4},"end":{"line":15,"column":26}},"type":"default-arg","locations":[{"start":{"line":15,"column":25},"end":{"line":15,"column":26}}]},"1":{"loc":{"start":{"line":21,"column":4},"end":{"line":23,"column":5}},"type":"if","locations":[{"start":{"line":21,"column":4},"end":{"line":23,"column":5}},{"start":{},"end":{}}]},"2":{"loc":{"start":{"line":30,"column":4},"end":{"line":34,"column":5}},"type":"if","locations":[{"start":{"line":30,"column":4},"end":{"line":34,"column":5}},{"start":{"line":32,"column":11},"end":{"line":34,"column":5}}]},"3":{"loc":{"start":{"line":32,"column":11},"end":{"line":34,"column":5}},"type":"if","locations":[{"start":{"line":32,"column":11},"end":{"line":34,"column":5}},{"start":{},"end":{}}]},"4":{"loc":{"start":{"line":87,"column":8},"end":{"line":102,"column":9}},"type":"if","locations":[{"start":{"line":87,"column":8},"end":{"line":102,"column":9}},{"start":{},"end":{}}]},"5":{"loc":{"start":{"line":146,"column":8},"end":{"line":178,"column":9}},"type":"if","locations":[{"start":{"line":146,"column":8},"end":{"line":178,"column":9}},{"start":{},"end":{}}]},"6":{"loc":{"start":{"line":146,"column":12},"end":{"line":146,"column":59}},"type":"binary-expr","locations":[{"start":{"line":146,"column":12},"end":{"line":146,"column":34}},{"start":{"line":146,"column":38},"end":{"line":146,"column":59}}]},"7":{"loc":{"start":{"line":163,"column":10},"end":{"line":177,"column":11}},"type":"if","locations":[{"start":{"line":163,"column":10},"end":{"line":177,"column":11}},{"start":{},"end":{}}]},"8":{"loc":{"start":{"line":191,"column":35},"end":{"line":191,"column":53}},"type":"default-arg","locations":[{"start":{"line":191,"column":51},"end":{"line":191,"column":53}}]},"9":{"loc":{"start":{"line":194,"column":4},"end":{"line":200,"column":5}},"type":"if","locations":[{"start":{"line":194,"column":4},"end":{"line":200,"column":5}},{"start":{},"end":{}}]},"10":{"loc":{"start":{"line":209,"column":12},"end":{"line":211,"column":14}},"type":"cond-expr","locations":[{"start":{"line":209,"column":57},"end":{"line":211,"column":10}},{"start":{"line":211,"column":12},"end":{"line":211,"column":14}}]},"11":{"loc":{"start":{"line":209,"column":12},"end":{"line":209,"column":54}},"type":"binary-expr","locations":[{"start":{"line":209,"column":12},"end":{"line":209,"column":18}},{"start":{"line":209,"column":22},"end":{"line":209,"column":54}}]},"12":{"loc":{"start":{"line":251,"column":30},"end":{"line":253,"column":14}},"type":"cond-expr","locations":[{"start":{"line":252,"column":10},"end":{"line":252,"column":61}},{"start":{"line":253,"column":10},"end":{"line":253,"column":14}}]},"13":{"loc":{"start":{"line":256,"column":22},"end":{"line":256,"column":82}},"type":"binary-expr","locations":[{"start":{"line":256,"column":22},"end":{"line":256,"column":36}},{"start":{"line":256,"column":40},"end":{"line":256,"column":60}},{"start":{"line":256,"column":64},"end":{"line":256,"column":82}}]},"14":{"loc":{"start":{"line":269,"column":29},"end":{"line":269,"column":60}},"type":"binary-expr","locations":[{"start":{"line":269,"column":29},"end":{"line":269,"column":52}},{"start":{"line":269,"column":56},"end":{"line":269,"column":60}}]},"15":{"loc":{"start":{"line":293,"column":4},"end":{"line":295,"column":5}},"type":"if","locations":[{"start":{"line":293,"column":4},"end":{"line":295,"column":5}},{"start":{},"end":{}}]},"16":{"loc":{"start":{"line":297,"column":4},"end":{"line":299,"column":5}},"type":"if","locations":[{"start":{"line":297,"column":4},"end":{"line":299,"column":5}},{"start":{},"end":{}}]},"17":{"loc":{"start":{"line":303,"column":4},"end":{"line":305,"column":5}},"type":"if","locations":[{"start":{"line":303,"column":4},"end":{"line":305,"column":5}},{"start":{},"end":{}}]},"18":{"loc":{"start":{"line":310,"column":19},"end":{"line":310,"column":80}},"type":"cond-expr","locations":[{"start":{"line":310,"column":57},"end":{"line":310,"column":68}},{"start":{"line":310,"column":71},"end":{"line":310,"column":80}}]},"19":{"loc":{"start":{"line":345,"column":4},"end":{"line":347,"column":5}},"type":"if","locations":[{"start":{"line":345,"column":4},"end":{"line":347,"column":5}},{"start":{},"end":{}}]},"20":{"loc":{"start":{"line":355,"column":4},"end":{"line":372,"column":5}},"type":"if","locations":[{"start":{"line":355,"column":4},"end":{"line":372,"column":5}},{"start":{},"end":{}}]},"21":{"loc":{"start":{"line":366,"column":6},"end":{"line":371,"column":7}},"type":"if","locations":[{"start":{"line":366,"column":6},"end":{"line":371,"column":7}},{"start":{},"end":{}}]}},"s":{"0":0,"1":0,"2":0,"3":0,"4":0,"5":0,"6":0,"7":0,"8":0,"9":0,"10":0,"11":0,"12":0,"13":0,"14":0,"15":0,"16":0,"17":0,"18":0,"19":0,"20":0,"21":0,"22":0,"23":0,"24":0,"25":0,"26":0,"27":0,"28":0,"29":0,"30":0,"31":0,"32":0,"33":0,"34":0,"35":0,"36":0,"37":0,"38":0,"39":0,"40":0,"41":0,"42":0,"43":0,"44":0,"45":0,"46":0,"47":0,"48":0,"49":0,"50":0,"51":0,"52":0,"53":0,"54":0,"55":0,"56":0,"57":0,"58":0,"59":0,"60":0,"61":0,"62":0,"63":0,"64":0,"65":0,"66":0,"67":0,"68":0,"69":0,"70":0,"71":0,"72":0,"73":0,"74":0,"75":0,"76":0,"77":0,"78":0,"79":0,"80":0,"81":0,"82":0,"83":0,"84":0,"85":0,"86":0,"87":0,"88":0,"89":0,"90":0,"91":0,"92":0,"93":0,"94":0,"95":0,"96":0,"97":0,"98":0,"99":0,"100":0},"f":{"0":0,"1":0,"2":0,"3":0,"4":0,"5":0,"6":0,"7":0,"8":0,"9":0,"10":0,"11":0,"12":0,"13":0,"14":0,"15":0,"16":0},"b":{"0":[0],"1":[0,0],"2":[0,0],"3":[0,0],"4":[0,0],"5":[0,0],"6":[0,0],"7":[0,0],"8":[0],"9":[0,0],"10":[0,0],"11":[0,0],"12":[0,0],"13":[0,0,0],"14":[0,0],"15":[0,0],"16":[0,0],"17":[0,0],"18":[0,0],"19":[0,0],"20":[0,0],"21":[0,0]}}
,"/Users/cedric/Pro/Perso/gitlab/stepzy/packages/backend/src/services/activity.service.ts": {"path":"/Users/cedric/Pro/Perso/gitlab/stepzy/packages/backend/src/services/activity.service.ts","statementMap":{"0":{"start":{"line":20,"column":19},"end":{"line":20,"column":24}},"1":{"start":{"line":21,"column":19},"end":{"line":21,"column":20}},"2":{"start":{"line":22,"column":24},"end":{"line":22,"column":26}},"3":{"start":{"line":24,"column":4},"end":{"line":38,"column":5}},"4":{"start":{"line":25,"column":6},"end":{"line":25,"column":null}},"5":{"start":{"line":28,"column":23},"end":{"line":30,"column":8}},"6":{"start":{"line":32,"column":6},"end":{"line":35,"column":7}},"7":{"start":{"line":33,"column":8},"end":{"line":33,"column":null}},"8":{"start":{"line":34,"column":8},"end":{"line":34,"column":null}},"9":{"start":{"line":37,"column":6},"end":{"line":37,"column":null}},"10":{"start":{"line":40,"column":4},"end":{"line":40,"column":null}},"11":{"start":{"line":48,"column":4},"end":{"line":50,"column":5}},"12":{"start":{"line":49,"column":6},"end":{"line":49,"column":null}},"13":{"start":{"line":52,"column":4},"end":{"line":54,"column":5}},"14":{"start":{"line":53,"column":6},"end":{"line":53,"column":null}},"15":{"start":{"line":57,"column":17},"end":{"line":57,"column":48}},"16":{"start":{"line":60,"column":21},"end":{"line":84,"column":6}},"17":{"start":{"line":86,"column":4},"end":{"line":86,"column":null}},"18":{"start":{"line":98,"column":37},"end":{"line":98,"column":47}},"19":{"start":{"line":99,"column":17},"end":{"line":99,"column":35}},"20":{"start":{"line":102,"column":29},"end":{"line":105,"column":6}},"21":{"start":{"line":107,"column":30},"end":{"line":107,"column":75}},"22":{"start":{"line":107,"column":59},"end":{"line":107,"column":74}},"23":{"start":{"line":110,"column":29},"end":{"line":115,"column":null}},"24":{"start":{"line":117,"column":4},"end":{"line":119,"column":5}},"25":{"start":{"line":118,"column":6},"end":{"line":118,"column":null}},"26":{"start":{"line":121,"column":4},"end":{"line":123,"column":5}},"27":{"start":{"line":122,"column":6},"end":{"line":122,"column":null}},"28":{"start":{"line":125,"column":4},"end":{"line":127,"column":5}},"29":{"start":{"line":126,"column":6},"end":{"line":126,"column":null}},"30":{"start":{"line":129,"column":4},"end":{"line":131,"column":5}},"31":{"start":{"line":130,"column":6},"end":{"line":130,"column":null}},"32":{"start":{"line":134,"column":37},"end":{"line":177,"column":6}},"33":{"start":{"line":180,"column":30},"end":{"line":183,"column":6}},"34":{"start":{"line":185,"column":34},"end":{"line":185,"column":87}},"35":{"start":{"line":185,"column":71},"end":{"line":185,"column":85}},"36":{"start":{"line":188,"column":31},"end":{"line":212,"column":6}},"37":{"start":{"line":189,"column":41},"end":{"line":192,"column":null}},"38":{"start":{"line":190,"column":8},"end":{"line":191,"column":null}},"39":{"start":{"line":191,"column":10},"end":{"line":191,"column":57}},"40":{"start":{"line":195,"column":27},"end":{"line":195,"column":65}},"41":{"start":{"line":197,"column":6},"end":{"line":211,"column":null}},"42":{"start":{"line":206,"column":52},"end":{"line":210,"column":10}},"43":{"start":{"line":208,"column":66},"end":{"line":208,"column":90}},"44":{"start":{"line":214,"column":4},"end":{"line":222,"column":null}},"45":{"start":{"line":229,"column":21},"end":{"line":263,"column":6}},"46":{"start":{"line":265,"column":4},"end":{"line":267,"column":5}},"47":{"start":{"line":266,"column":6},"end":{"line":266,"column":null}},"48":{"start":{"line":270,"column":23},"end":{"line":270,"column":28}},"49":{"start":{"line":271,"column":4},"end":{"line":279,"column":5}},"50":{"start":{"line":272,"column":27},"end":{"line":277,"column":8}},"51":{"start":{"line":278,"column":6},"end":{"line":278,"column":null}},"52":{"start":{"line":281,"column":4},"end":{"line":284,"column":null}},"53":{"start":{"line":292,"column":21},"end":{"line":294,"column":6}},"54":{"start":{"line":296,"column":4},"end":{"line":298,"column":5}},"55":{"start":{"line":297,"column":6},"end":{"line":297,"column":null}},"56":{"start":{"line":300,"column":4},"end":{"line":302,"column":5}},"57":{"start":{"line":301,"column":6},"end":{"line":301,"column":null}},"58":{"start":{"line":305,"column":4},"end":{"line":317,"column":null}},"59":{"start":{"line":325,"column":21},"end":{"line":327,"column":6}},"60":{"start":{"line":329,"column":4},"end":{"line":331,"column":5}},"61":{"start":{"line":330,"column":6},"end":{"line":330,"column":null}},"62":{"start":{"line":333,"column":4},"end":{"line":335,"column":5}},"63":{"start":{"line":334,"column":6},"end":{"line":334,"column":null}},"64":{"start":{"line":338,"column":4},"end":{"line":340,"column":null}},"65":{"start":{"line":348,"column":21},"end":{"line":350,"column":6}},"66":{"start":{"line":352,"column":4},"end":{"line":354,"column":5}},"67":{"start":{"line":353,"column":6},"end":{"line":353,"column":null}},"68":{"start":{"line":357,"column":4},"end":{"line":369,"column":null}},"69":{"start":{"line":372,"column":21},"end":{"line":377,"column":6}},"70":{"start":{"line":379,"column":4},"end":{"line":381,"column":5}},"71":{"start":{"line":380,"column":6},"end":{"line":380,"column":null}},"72":{"start":{"line":384,"column":25},"end":{"line":389,"column":6}},"73":{"start":{"line":391,"column":4},"end":{"line":391,"column":null}},"74":{"start":{"line":399,"column":25},"end":{"line":404,"column":6}},"75":{"start":{"line":406,"column":4},"end":{"line":412,"column":5}},"76":{"start":{"line":407,"column":6},"end":{"line":411,"column":null}},"77":{"start":{"line":415,"column":16},"end":{"line":415,"column":26}},"78":{"start":{"line":416,"column":27},"end":{"line":426,"column":6}},"79":{"start":{"line":428,"column":23},"end":{"line":428,"column":52}},"80":{"start":{"line":428,"column":47},"end":{"line":428,"column":51}},"81":{"start":{"line":430,"column":4},"end":{"line":439,"column":5}},"82":{"start":{"line":431,"column":6},"end":{"line":438,"column":null}},"83":{"start":{"line":446,"column":4},"end":{"line":476,"column":null}},"84":{"start":{"line":483,"column":16},"end":{"line":483,"column":26}},"85":{"start":{"line":486,"column":27},"end":{"line":523,"column":6}},"86":{"start":{"line":526,"column":36},"end":{"line":526,"column":38}},"87":{"start":{"line":527,"column":32},"end":{"line":527,"column":34}},"88":{"start":{"line":529,"column":4},"end":{"line":550,"column":null}},"89":{"start":{"line":530,"column":31},"end":{"line":543,"column":null}},"90":{"start":{"line":533,"column":73},"end":{"line":533,"column":97}},"91":{"start":{"line":534,"column":71},"end":{"line":534,"column":93}},"92":{"start":{"line":535,"column":74},"end":{"line":535,"column":99}},"93":{"start":{"line":536,"column":120},"end":{"line":536,"column":144}},"94":{"start":{"line":545,"column":6},"end":{"line":549,"column":7}},"95":{"start":{"line":546,"column":8},"end":{"line":546,"column":null}},"96":{"start":{"line":548,"column":8},"end":{"line":548,"column":null}},"97":{"start":{"line":552,"column":4},"end":{"line":555,"column":null}},"98":{"start":{"line":562,"column":21},"end":{"line":573,"column":6}},"99":{"start":{"line":575,"column":4},"end":{"line":575,"column":null}},"100":{"start":{"line":583,"column":21},"end":{"line":583,"column":48}},"101":{"start":{"line":585,"column":4},"end":{"line":587,"column":5}},"102":{"start":{"line":586,"column":6},"end":{"line":586,"column":null}},"103":{"start":{"line":590,"column":21},"end":{"line":595,"column":6}},"104":{"start":{"line":598,"column":19},"end":{"line":603,"column":6}},"105":{"start":{"line":605,"column":4},"end":{"line":610,"column":5}},"106":{"start":{"line":606,"column":6},"end":{"line":609,"column":null}},"107":{"start":{"line":613,"column":4},"end":{"line":620,"column":5}},"108":{"start":{"line":614,"column":6},"en
[...]
,"/Users/cedric/Pro/Perso/gitlab/stepzy/packages/backend/src/services/admin.service.ts": {"path":"/Users/cedric/Pro/Perso/gitlab/stepzy/packages/backend/src/services/admin.service.ts","statementMap":{"0":{"start":{"line":17,"column":51},"end":{"line":17,"column":58}},"1":{"start":{"line":18,"column":17},"end":{"line":18,"column":50}},"2":{"start":{"line":21,"column":23},"end":{"line":21,"column":25}},"3":{"start":{"line":23,"column":4},"end":{"line":28,"column":5}},"4":{"start":{"line":24,"column":6},"end":{"line":27,"column":null}},"5":{"start":{"line":30,"column":4},"end":{"line":32,"column":5}},"6":{"start":{"line":31,"column":6},"end":{"line":31,"column":null}},"7":{"start":{"line":35,"column":32},"end":{"line":58,"column":6}},"8":{"start":{"line":60,"column":23},"end":{"line":60,"column":52}},"9":{"start":{"line":62,"column":4},"end":{"line":72,"column":null}},"10":{"start":{"line":84,"column":4},"end":{"line":99,"column":null}},"11":{"start":{"line":106,"column":4},"end":{"line":108,"column":null}},"12":{"start":{"line":122,"column":8},"end":{"line":156,"column":6}},"13":{"start":{"line":159,"column":24},"end":{"line":162,"column":6}},"14":{"start":{"line":165,"column":30},"end":{"line":168,"column":6}},"15":{"start":{"line":171,"column":29},"end":{"line":174,"column":6}},"16":{"start":{"line":176,"column":4},"end":{"line":199,"column":null}},"17":{"start":{"line":186,"column":46},"end":{"line":189,"column":10}},"18":{"start":{"line":190,"column":58},"end":{"line":193,"column":10}},"19":{"start":{"line":194,"column":56},"end":{"line":197,"column":10}},"20":{"start":{"line":207,"column":27},"end":{"line":218,"column":6}},"21":{"start":{"line":221,"column":33},"end":{"line":240,"column":6}},"22":{"start":{"line":242,"column":4},"end":{"line":245,"column":null}}},"fnMap":{"0":{"name":"(anonymous_0)","decl":{"start":{"line":11,"column":2},"end":{"line":11,"column":8}},"loc":{"start":{"line":16,"column":3},"end":{"line":73,"column":3}}},"1":{"name":"(anonymous_1)","decl":{"start":{"line":78,"column":2},"end":{"line":78,"column":8}},"loc":{"start":{"line":83,"column":3},"end":{"line":100,"column":3}}},"2":{"name":"(anonymous_2)","decl":{"start":{"line":105,"column":2},"end":{"line":105,"column":8}},"loc":{"start":{"line":105,"column":40},"end":{"line":109,"column":3}}},"3":{"name":"(anonymous_3)","decl":{"start":{"line":114,"column":2},"end":{"line":114,"column":8}},"loc":{"start":{"line":114,"column":28},"end":{"line":200,"column":3}}},"4":{"name":"(anonymous_4)","decl":{"start":{"line":186,"column":37},"end":{"line":186,"column":41}},"loc":{"start":{"line":186,"column":46},"end":{"line":189,"column":10}}},"5":{"name":"(anonymous_5)","decl":{"start":{"line":190,"column":49},"end":{"line":190,"column":53}},"loc":{"start":{"line":190,"column":58},"end":{"line":193,"column":10}}},"6":{"name":"(anonymous_6)","decl":{"start":{"line":194,"column":47},"end":{"line":194,"column":51}},"loc":{"start":{"line":194,"column":56},"end":{"line":197,"column":10}}},"7":{"name":"(anonymous_7)","decl":{"start":{"line":205,"column":2},"end":{"line":205,"column":8}},"loc":{"start":{"line":205,"column":49},"end":{"line":246,"column":3}}}},"branchMap":{"0":{"loc":{"start":{"line":17,"column":12},"end":{"line":17,"column":20}},"type":"default-arg","locations":[{"start":{"line":17,"column":19},"end":{"line":17,"column":20}}]},"1":{"loc":{"start":{"line":17,"column":22},"end":{"line":17,"column":32}},"type":"default-arg","locations":[{"start":{"line":17,"column":30},"end":{"line":17,"column":32}}]},"2":{"loc":{"start":{"line":23,"column":4},"end":{"line":28,"column":5}},"type":"if","locations":[{"start":{"line":23,"column":4},"end":{"line":28,"column":5}},{"start":{},"end":{}}]},"3":{"loc":{"start":{"line":30,"column":4},"end":{"line":32,"column":5}},"type":"if","locations":[{"start":{"line":30,"column":4},"end":{"line":32,"column":5}},{"start":{},"end":{}}]},"4":{"loc":{"start":{"line":30,"column":8},"end":{"line":30,"column":52}},"type":"binary-expr","locations":[{"start":{"line":30,"column":8},"end":{"line":30,"column":12}},{"start":{"line":30,"column":17},"end":{"line":30,"column":32}},{"start":{"line":30,"column":36},"end":{"line":30,"column":51}}]},"5":{"loc":{"start":{"line":205,"column":31},"end":{"line":205,"column":49}},"type":"default-arg","locations":[{"start":{"line":205,"column":47},"end":{"line":205,"column":49}}]}},"s":{"0":0,"1":0,"2":0,"3":0,"4":0,"5":0,"6":0,"7":0,"8":0,"9":0,"10":0,"11":0,"12":0,"13":0,"14":0,"15":0,"16":0,"17":0,"18":0,"19":0,"20":0,"21":0,"22":0},"f":{"0":0,"1":0,"2":0,"3":0,"4":0,"5":0,"6":0,"7":0},"b":{"0":[0],"1":[0],"2":[0,0],"3":[0,0],"4":[0,0,0],"5":[0]}}
,"/Users/cedric/Pro/Perso/gitlab/stepzy/packages/backend/src/services/email.service.ts": {"path":"/Users/cedric/Pro/Perso/gitlab/stepzy/packages/backend/src/services/email.service.ts","statementMap":{"0":{"start":{"line":24,"column":51},"end":{"line":24,"column":55}},"1":{"start":{"line":30,"column":4},"end":{"line":32,"column":5}},"2":{"start":{"line":31,"column":6},"end":{"line":31,"column":null}},"3":{"start":{"line":36,"column":4},"end":{"line":54,"column":5}},"4":{"start":{"line":37,"column":6},"end":{"line":45,"column":null}},"5":{"start":{"line":49,"column":6},"end":{"line":53,"column":null}},"6":{"start":{"line":56,"column":4},"end":{"line":56,"column":null}},"7":{"start":{"line":66,"column":4},"end":{"line":102,"column":5}},"8":{"start":{"line":67,"column":24},"end":{"line":67,"column":61}},"9":{"start":{"line":68,"column":24},"end":{"line":70,"column":8}},"10":{"start":{"line":72,"column":26},"end":{"line":72,"column":47}},"11":{"start":{"line":74,"column":19},"end":{"line":80,"column":8}},"12":{"start":{"line":82,"column":6},"end":{"line":82,"column":null}},"13":{"start":{"line":85,"column":6},"end":{"line":90,"column":7}},"14":{"start":{"line":86,"column":27},"end":{"line":86,"column":61}},"15":{"start":{"line":87,"column":8},"end":{"line":89,"column":9}},"16":{"start":{"line":88,"column":10},"end":{"line":88,"column":null}},"17":{"start":{"line":92,"column":6},"end":{"line":95,"column":null}},"18":{"start":{"line":97,"column":6},"end":{"line":97,"column":null}},"19":{"start":{"line":98,"column":6},"end":{"line":101,"column":null}},"20":{"start":{"line":109,"column":4},"end":{"line":109,"column":null}},"21":{"start":{"line":116,"column":4},"end":{"line":116,"column":null}}},"fnMap":{"0":{"name":"(anonymous_0)","decl":{"start":{"line":29,"column":10},"end":{"line":29,"column":16}},"loc":{"start":{"line":29,"column":31},"end":{"line":57,"column":3}}},"1":{"name":"(anonymous_1)","decl":{"start":{"line":62,"column":2},"end":{"line":62,"column":8}},"loc":{"start":{"line":64,"column":32},"end":{"line":103,"column":3}}},"2":{"name":"(anonymous_2)","decl":{"start":{"line":108,"column":2},"end":{"line":108,"column":8}},"loc":{"start":{"line":108,"column":68},"end":{"line":110,"column":3}}},"3":{"name":"(anonymous_3)","decl":{"start":{"line":115,"column":2},"end":{"line":115,"column":8}},"loc":{"start":{"line":115,"column":68},"end":{"line":117,"column":3}}}},"branchMap":{"0":{"loc":{"start":{"line":30,"column":4},"end":{"line":32,"column":5}},"type":"if","locations":[{"start":{"line":30,"column":4},"end":{"line":32,"column":5}},{"start":{},"end":{}}]},"1":{"loc":{"start":{"line":36,"column":4},"end":{"line":54,"column":5}},"type":"if","locations":[{"start":{"line":36,"column":4},"end":{"line":54,"column":5}},{"start":{"line":46,"column":11},"end":{"line":54,"column":5}}]},"2":{"loc":{"start":{"line":39,"column":23},"end":{"line":39,"column":53}},"type":"binary-expr","locations":[{"start":{"line":39,"column":23},"end":{"line":39,"column":44}},{"start":{"line":39,"column":48},"end":{"line":39,"column":53}}]},"3":{"loc":{"start":{"line":75,"column":14},"end":{"line":75,"column":69}},"type":"binary-expr","locations":[{"start":{"line":75,"column":14},"end":{"line":75,"column":36}},{"start":{"line":75,"column":40},"end":{"line":75,"column":69}}]},"4":{"loc":{"start":{"line":85,"column":6},"end":{"line":90,"column":7}},"type":"if","locations":[{"start":{"line":85,"column":6},"end":{"line":90,"column":7}},{"start":{},"end":{}}]},"5":{"loc":{"start":{"line":87,"column":8},"end":{"line":89,"column":9}},"type":"if","locations":[{"start":{"line":87,"column":8},"end":{"line":89,"column":9}},{"start":{},"end":{}}]},"6":{"loc":{"start":{"line":100,"column":15},"end":{"line":100,"column":71}},"type":"cond-expr","locations":[{"start":{"line":100,"column":40},"end":{"line":100,"column":53}},{"start":{"line":100,"column":56},"end":{"line":100,"column":71}}]}},"s":{"0":0,"1":0,"2":0,"3":0,"4":0,"5":0,"6":0,"7":0,"8":0,"9":0,"10":0,"11":0,"12":0,"13":0,"14":0,"15":0,"16":0,"17":0,"18":0,"19":0,"20":0,"21":0},"f":{"0":0,"1":0,"2":0,"3":0},"b":{"0":[0,0],"1":[0,0],"2":[0,0],"3":[0,0],"4":[0,0],"5":[0,0],"6":[0,0]}}
,"/Users/cedric/Pro/Perso/gitlab/stepzy/packages/backend/src/services/user.service.ts": {"path":"/Users/cedric/Pro/Perso/gitlab/stepzy/packages/backend/src/services/user.service.ts","statementMap":{"0":{"start":{"line":12,"column":4},"end":{"line":23,"column":null}},"1":{"start":{"line":30,"column":38},"end":{"line":30,"column":42}},"2":{"start":{"line":33,"column":4},"end":{"line":35,"column":5}},"3":{"start":{"line":34,"column":6},"end":{"line":34,"column":null}},"4":{"start":{"line":38,"column":4},"end":{"line":49,"column":5}},"5":{"start":{"line":39,"column":27},"end":{"line":44,"column":8}},"6":{"start":{"line":46,"column":6},"end":{"line":48,"column":7}},"7":{"start":{"line":47,"column":8},"end":{"line":47,"column":null}},"8":{"start":{"line":52,"column":4},"end":{"line":63,"column":5}},"9":{"start":{"line":53,"column":27},"end":{"line":58,"column":8}},"10":{"start":{"line":60,"column":6},"end":{"line":62,"column":7}},"11":{"start":{"line":61,"column":8},"end":{"line":61,"column":null}},"12":{"start":{"line":66,"column":4},"end":{"line":83,"column":null}},"13":{"start":{"line":91,"column":27},"end":{"line":106,"column":6}},"14":{"start":{"line":109,"column":26},"end":{"line":109,"column":47}},"15":{"start":{"line":110,"column":30},"end":{"line":112,"column":12}},"16":{"start":{"line":111,"column":6},"end":{"line":111,"column":38}},"17":{"start":{"line":113,"column":30},"end":{"line":115,"column":12}},"18":{"start":{"line":114,"column":6},"end":{"line":114,"column":38}},"19":{"start":{"line":116,"column":27},"end":{"line":118,"column":12}},"20":{"start":{"line":117,"column":6},"end":{"line":117,"column":76}},"21":{"start":{"line":120,"column":27},"end":{"line":122,"column":9}},"22":{"start":{"line":125,"column":22},"end":{"line":129,"column":6}},"23":{"start":{"line":126,"column":19},"end":{"line":126,"column":54}},"24":{"start":{"line":127,"column":21},"end":{"line":127,"column":58}},"25":{"start":{"line":128,"column":6},"end":{"line":128,"column":null}},"26":{"start":{"line":131,"column":54},"end":{"line":131,"column":56}},"27":{"start":{"line":132,"column":4},"end":{"line":134,"column":null}},"28":{"start":{"line":133,"column":6},"end":{"line":133,"column":null}},"29":{"start":{"line":136,"column":25},"end":{"line":140,"column":15}},"30":{"start":{"line":138,"column":10},"end":{"line":138,"column":55}},"31":{"start":{"line":143,"column":27},"end":{"line":145,"column":94}},"32":{"start":{"line":144,"column":19},"end":{"line":144,"column":51}},"33":{"start":{"line":145,"column":22},"end":{"line":145,"column":93}},"34":{"start":{"line":147,"column":24},"end":{"line":147,"column":25}},"35":{"start":{"line":148,"column":24},"end":{"line":148,"column":25}},"36":{"start":{"line":149,"column":21},"end":{"line":149,"column":22}},"37":{"start":{"line":152,"column":27},"end":{"line":152,"column":59}},"38":{"start":{"line":153,"column":4},"end":{"line":156,"column":5}},"39":{"start":{"line":153,"column":17},"end":{"line":153,"column":18}},"40":{"start":{"line":154,"column":6},"end":{"line":154,"column":null}},"41":{"start":{"line":155,"column":6},"end":{"line":155,"column":23}},"42":{"start":{"line":155,"column":18},"end":{"line":155,"column":23}},"43":{"start":{"line":159,"column":4},"end":{"line":168,"column":5}},"44":{"start":{"line":159,"column":17},"end":{"line":159,"column":18}},"45":{"start":{"line":160,"column":6},"end":{"line":160,"column":null}},"46":{"start":{"line":161,"column":6},"end":{"line":167,"column":7}},"47":{"start":{"line":165,"column":8},"end":{"line":165,"column":null}},"48":{"start":{"line":166,"column":8},"end":{"line":166,"column":null}},"49":{"start":{"line":170,"column":4},"end":{"line":179,"column":null}},"50":{"start":{"line":186,"column":27},"end":{"line":217,"column":6}},"51":{"start":{"line":219,"column":4},"end":{"line":219,"column":null}},"52":{"start":{"line":219,"column":35},"end":{"line":219,"column":44}},"53":{"start":{"line":228,"column":4},"end":{"line":232,"column":null}}},"fnMap":{"0":{"name":"(anonymous_0)","decl":{"start":{"line":11,"column":2},"end":{"line":11,"column":8}},"loc":{"start":{"line":11,"column":38},"end":{"line":24,"column":3}}},"1":{"name":"(anonymous_1)","decl":{"start":{"line":29,"column":2},"end":{"line":29,"column":8}},"loc":{"start":{"line":29,"column":110},"end":{"line":84,"column":3}}},"2":{"name":"(anonymous_2)","decl":{"start":{"line":89,"column":2},"end":{"line":89,"column":8}},"loc":{"start":{"line":89,"column":38},"end":{"line":180,"column":3}}},"3":{"name":"(anonymous_3)","decl":{"start":{"line":110,"column":52},"end":{"line":110,"column":53}},"loc":{"start":{"line":111,"column":6},"end":{"line":111,"column":38}}},"4":{"name":"(anonymous_4)","decl":{"start":{"line":113,"column":52},"end":{"line":113,"column":53}},"loc":{"start":{"line":114,"column":6},"end":{"line":114,"column":38}}},"5":{"name":"(anonymous_5)","decl":{"start":{"line":116,"column":49},"end":{"line":116,"column":50}},"loc":{"start":{"line":117,"column":6},"end":{"line":117,"column":76}}},"6":{"name":"(anonymous_6)","decl":{"start":{"line":125,"column":41},"end":{"line":125,"column":42}},"loc":{"start":{"line":125,"column":45},"end":{"line":129,"column":5}}},"7":{"name":"(anonymous_7)","decl":{"start":{"line":132,"column":22},"end":{"line":132,"column":26}},"loc":{"start":{"line":132,"column":29},"end":{"line":134,"column":5}}},"8":{"name":"(anonymous_8)","decl":{"start":{"line":137,"column":43},"end":{"line":137,"column":44}},"loc":{"start":{"line":138,"column":10},"end":{"line":138,"column":55}}},"9":{"name":"(anonymous_9)","decl":{"start":{"line":144,"column":14},"end":{"line":144,"column":15}},"loc":{"start":{"line":144,"column":19},"end":{"line":144,"column":51}}},"10":{"name":"(anonymous_10)","decl":{"start":{"line":145,"column":12},"end":{"line":145,"column":13}},"loc":{"start":{"line":145,"column":22},"end":{"line":145,"column":93}}},"11":{"name":"(anonymous_11)","decl":{"start":{"line":185,"column":2},"end":{"line":185,"column":8}},"loc":{"start":{"line":185,"column":47},"end":{"line":220,"column":3}}},"12":{"name":"(anonymous_12)","decl":{"start":{"line":219,"column":30},"end":{"line":219,"column":31}},"loc":{"start":{"line":219,"column":35},"end":{"line":219,"column":44}}},"13":{"name":"(anonymous_13)","decl":{"start":{"line":225,"column":2},"end":{"line":225,"column":8}},"loc":{"start":{"line":225,"column":65},"end":{"line":233,"column":3}}}},"branchMap":{"0":{"loc":{"start":{"line":33,"column":4},"end":{"line":35,"column":5}},"type":"if","locations":[{"start":{"line":33,"column":4},"end":{"line":35,"column":5}},{"start":{},"end":{}}]},"1":{"loc":{"start":{"line":33,"column":8},"end":{"line":33,"column":25}},"type":"binary-expr","locations":[{"start":{"line":33,"column":8},"end":{"line":33,"column":15}},{"start":{"line":33,"column":19},"end":{"line":33,"column":25}}]},"2":{"loc":{"start":{"line":38,"column":4},"end":{"line":49,"column":5}},"type":"if","locations":[{"start":{"line":38,"column":4},"end":{"line":49,"column":5}},{"start":{},"end":{}}]},"3":{"loc":{"start":{"line":46,"column":6},"end":{"line":48,"column":7}},"type":"if","locations":[{"start":{"line":46,"column":6},"end":{"line":48,"column":7}},{"start":{},"end":{}}]},"4":{"loc":{"start":{"line":52,"column":4},"end":{"line":63,"column":5}},"type":"if","locations":[{"start":{"line":52,"column":4},"end":{"line":63,"column":5}},{"start":{},"end":{}}]},"5":{"loc":{"start":{"line":60,"column":6},"end":{"line":62,"column":7}},"type":"if","locations":[{"start":{"line":60,"column":6},"end":{"line":62,"column":7}},{"start":{},"end":{}}]},"6":{"loc":{"start":{"line":117,"column":6},"end":{"line":117,"column":76}},"type":"binary-expr","locations":[{"start":{"line":117,"column":6},"end":{"line":117,"column":35}},{"start":{"line":117,"column":39},"end":{"line":117,"column":76}}]},"7":{"loc":{"start":{"line":120,"column":27},"end":{"line":122,"column":9}},"type":"cond-expr","locations":[{"start":{"line":121,"column":8},"end":{"line":121,"column":61}},{"start":{"line":122,"column":8},"end":{"line":122,"column":9}}]},"8":{"loc":{"start":{"line":133,"column":30},"end":{"line":133,"column":55}},"type":"binary-expr","locations":[{"start":{"line":133,"column":30},"end":{"line":133,"column":50}},{"start":{"line":133,"column":54},"end":{"line":133,"column":55}}]},"9":{"loc":{"start":{"line":136,"column":25},"end":{"line":140,"column":15}},"type":"cond-expr","locations":[{"start":{"line":137,"column":8},"end":{"line":138,"column":null}},{"start":{"line":140,"column":8},"end":{"line":140,"column":15}}]},"10":{"loc":{"start":{"line":138,"column":10},"end":{"line":138,"column":55}},"type":"cond-expr","locations":[{"start":{"line":138,"column":50},"end":{"line":138,"column":51}},{"start":{"line":138,"column":54},"end":{"line":138,"column":55}}]},"11":{"loc":{"start":{"line":155,"column":6},"end":{"line":155,"column":23}},"type":"if","locations":[{"start":{"line":155,"column":6},"end":{"line":155,"column":23}},{"start":{},"end":{}}]},"12":{"loc":{"start":{"line":161,"column":6},"end":{"line":167,"column":7}},"type":"if","locations":[{"start":{"line":161,"column":6},"end":{"line":167,"column":7}},{"start":{},"end":{}}]},"13":{"loc":{"start":{"line":161,"column":10},"end":{"line":164,"column":33}},"type":"binary-expr","locations":[{"start":{"line":161,"column":10},"end":{"line":161,"column":41}},{"start":{"line":161,"column":45},"end":{"line":164,"column":33}}]}},"s":{"0":0,"1":0,"2":0,"3":0,"4":0,"5":0,"6":0,"7":0,"8":0,"9":0,"10":0,"11":0,"12":0,"13":0,"14":0,"15":0,"16":0,"17":0,"18":0,"19":0,"20":0,"21":0,"22":0,"23":0,"24":0,"25":0,"26":0,"27":0,"28":0,"29":0,"30":0,"31":0,"32":0,"33":0,"34":0,"35":0,"36":0,"37":0,"38":0,"39":0,"40":0,"41":0,"42":0,"43":0,"44":0,"45":0,"46":0,"47":0,"48":0,"49":0,"50":0,"51":0,"52":0,"53":0},"f":{"0":0,"1":0,"2":0,"3":0,"4":0,"5":0,"6":0,"7":0,"8":0,"9":0,"10":0,"11":0,"12":0,"13":0},"b":{"0":[0,0],"1":[0,0],"2":[0,0],"3":[0,0],"4":[0,0],"5":[0,0],"6":[0,0],"7":[0,0],"8":[0,0],"9":[0,0],"10":[0,0],"11":[0,0],"12":[0,0],"13":[0,0]}}
}
