TN:
SF:src/database/prisma.ts
FN:23,(anonymous_0)
FN:27,(anonymous_1)
FN:32,(anonymous_2)
FNF:3
FNH:0
FNDA:0,(anonymous_0)
FNDA:0,(anonymous_1)
FNDA:0,(anonymous_2)
DA:6,1
DA:8,1
DA:12,1
DA:18,1
DA:19,1
DA:23,1
DA:24,0
DA:27,1
DA:28,0
DA:29,0
DA:32,1
DA:33,0
DA:34,0
LF:13
LH:8
BRDA:13,0,0,1
BRDA:13,0,1,1
BRDA:15,1,0,0
BRDA:15,1,1,1
BRDA:18,2,0,1
BRDA:18,2,1,0
BRF:6
BRH:4
end_of_record
TN:
SF:src/lib/auth.ts
FN:60,(anonymous_0)
FN:84,(anonymous_1)
FNF:2
FNH:0
FNDA:0,(anonymous_0)
FNDA:0,(anonymous_1)
DA:9,0
DA:60,0
DA:86,0
LF:3
LH:0
BRDA:52,0,0,0
BRDA:52,0,1,0
BRDA:53,1,0,0
BRDA:53,1,1,0
BRF:4
BRH:0
end_of_record
TN:
SF:src/middleware/admin.middleware.ts
FN:12,requireAdmin
FN:40,isAdmin
FN:47,isOwner
FN:54,requireAdminOrOwner
FN:55,(anonymous_4)
FNF:5
FNH:0
FNDA:0,requireAdmin
FNDA:0,isAdmin
FNDA:0,isOwner
FNDA:0,requireAdminOrOwner
FNDA:0,(anonymous_4)
DA:17,0
DA:18,0
DA:26,0
DA:27,0
DA:41,0
DA:48,0
DA:55,0
DA:56,0
DA:57,0
DA:63,0
DA:64,0
DA:65,0
DA:67,0
DA:68,0
LF:14
LH:0
BRDA:17,0,0,0
BRDA:17,0,1,0
BRDA:26,1,0,0
BRDA:26,1,1,0
BRDA:56,2,0,0
BRDA:56,2,1,0
BRDA:67,3,0,0
BRDA:67,3,1,0
BRDA:67,4,0,0
BRDA:67,4,1,0
BRF:10
BRH:0
end_of_record
TN:
SF:src/middleware/auth.middleware.ts
FN:30,requireAuth
FN:77,optionalAuth
FNF:2
FNH:0
FNDA:0,requireAuth
FNDA:0,optionalAuth
DA:34,0
DA:36,0
DA:40,0
DA:41,0
DA:49,0
DA:57,0
DA:64,0
DA:65,0
DA:81,0
DA:82,0
DA:86,0
DA:87,0
DA:95,0
DA:102,0
LF:14
LH:0
BRDA:40,0,0,0
BRDA:40,0,1,0
BRDA:52,1,0,0
BRDA:52,1,1,0
BRDA:52,1,2,0
BRDA:53,2,0,0
BRDA:53,2,1,0
BRDA:53,2,2,0
BRDA:54,3,0,0
BRDA:54,3,1,0
BRDA:86,4,0,0
BRDA:86,4,1,0
BRDA:90,5,0,0
BRDA:90,5,1,0
BRDA:90,5,2,0
BRDA:91,6,0,0
BRDA:91,6,1,0
BRDA:91,6,2,0
BRDA:92,7,0,0
BRDA:92,7,1,0
BRF:20
BRH:0
end_of_record
TN:
SF:src/middleware/cors.middleware.ts
FN:38,isOriginAllowed
FNF:1
FNH:0
FNDA:0,isOriginAllowed
DA:11,0
DA:21,0
DA:39,0
DA:40,0
LF:4
LH:0
BRDA:39,0,0,0
BRDA:39,0,1,0
BRF:2
BRH:0
end_of_record
TN:
SF:src/middleware/validation.middleware.ts
FN:18,validate
FN:19,(anonymous_1)
FN:40,(anonymous_2)
FN:89,createValidationError
FNF:4
FNH:0
FNDA:0,validate
FNDA:0,(anonymous_1)
FNDA:0,(anonymous_2)
FNDA:0,createValidationError
DA:19,0
DA:20,0
DA:22,0
DA:23,0
DA:27,0
DA:28,0
DA:32,0
DA:33,0
DA:36,0
DA:37,0
DA:40,0
DA:47,0
DA:58,0
DA:90,0
LF:14
LH:0
BRDA:22,0,0,0
BRDA:22,0,1,0
BRDA:27,1,0,0
BRDA:27,1,1,0
BRDA:32,2,0,0
BRDA:32,2,1,0
BRDA:36,3,0,0
BRDA:36,3,1,0
BRF:8
BRH:0
end_of_record
TN:
SF:src/routes/activities.routes.ts
FN:27,(anonymous_0)
FN:30,(anonymous_1)
FN:47,(anonymous_2)
FN:65,activitiesRoutes
FN:69,(anonymous_4)
FN:96,(anonymous_5)
FN:126,(anonymous_6)
FN:155,(anonymous_7)
FN:187,(anonymous_8)
FN:217,(anonymous_9)
FN:239,(anonymous_10)
FN:261,(anonymous_11)
FN:281,(anonymous_12)
FN:301,(anonymous_13)
FN:321,(anonymous_14)
FN:362,(anonymous_15)
FN:400,(anonymous_16)
FN:425,(anonymous_17)
FN:468,(anonymous_18)
FNF:19
FNH:0
FNDA:0,(anonymous_0)
FNDA:0,(anonymous_1)
FNDA:0,(anonymous_2)
FNDA:0,activitiesRoutes
FNDA:0,(anonymous_4)
FNDA:0,(anonymous_5)
FNDA:0,(anonymous_6)
FNDA:0,(anonymous_7)
FNDA:0,(anonymous_8)
FNDA:0,(anonymous_9)
FNDA:0,(anonymous_10)
FNDA:0,(anonymous_11)
FNDA:0,(anonymous_12)
FNDA:0,(anonymous_13)
FNDA:0,(anonymous_14)
FNDA:0,(anonymous_15)
FNDA:0,(anonymous_16)
FNDA:0,(anonymous_17)
FNDA:0,(anonymous_18)
DA:17,0
DA:27,0
DA:30,0
DA:35,0
DA:44,0
DA:47,0
DA:53,0
DA:57,0
DA:61,0
DA:67,0
DA:70,0
DA:71,0
DA:72,0
DA:74,0
DA:80,0
DA:85,0
DA:86,0
DA:94,0
DA:97,0
DA:98,0
DA:101,0
DA:104,0
DA:107,0
DA:109,0
DA:115,0
DA:116,0
DA:124,0
DA:127,0
DA:128,0
DA:130,0
DA:132,0
DA:133,0
DA:139,0
DA:144,0
DA:145,0
DA:153,0
DA:156,0
DA:157,0
DA:158,0
DA:160,0
DA:162,0
DA:168,0
DA:170,0
DA:171,0
DA:177,0
DA:185,0
DA:188,0
DA:189,0
DA:191,0
DA:193,0
DA:198,0
DA:200,0
DA:201,0
DA:207,0
DA:215,0
DA:218,0
DA:219,0
DA:221,0
DA:223,0
DA:228,0
DA:229,0
DA:237,0
DA:240,0
DA:241,0
DA:243,0
DA:245,0
DA:250,0
DA:251,0
DA:259,0
DA:262,0
DA:263,0
DA:265,0
DA:270,0
DA:271,0
DA:279,0
DA:282,0
DA:283,0
DA:285,0
DA:290,0
DA:291,0
DA:299,0
DA:302,0
DA:303,0
DA:305,0
DA:310,0
DA:311,0
DA:319,0
DA:322,0
DA:323,0
DA:325,0
DA:327,0
DA:328,0
DA:336,0
DA:343,0
DA:345,0
DA:346,0
DA:352,0
DA:360,0
DA:363,0
DA:364,0
DA:366,0
DA:368,0
DA:369,0
DA:376,0
DA:389,0
DA:390,0
DA:398,0
DA:401,0
DA:402,0
DA:403,0
DA:406,0
DA:408,0
DA:409,0
DA:416,0
DA:417,0
DA:424,0
DA:425,0
DA:426,0
DA:428,0
DA:442,0
DA:444,0
DA:445,0
DA:451,0
DA:457,0
DA:458,0
DA:466,0
DA:469,0
DA:470,0
DA:472,0
DA:474,0
DA:479,0
DA:481,0
DA:482,0
DA:488,0
DA:489,0
DA:495,0
LF:136
LH:0
BRDA:118,0,0,0
BRDA:118,0,1,0
BRDA:132,1,0,0
BRDA:132,1,1,0
BRDA:170,2,0,0
BRDA:170,2,1,0
BRDA:170,3,0,0
BRDA:170,3,1,0
BRDA:179,4,0,0
BRDA:179,4,1,0
BRDA:200,5,0,0
BRDA:200,5,1,0
BRDA:200,6,0,0
BRDA:200,6,1,0
BRDA:209,7,0,0
BRDA:209,7,1,0
BRDA:231,8,0,0
BRDA:231,8,1,0
BRDA:327,9,0,0
BRDA:327,9,1,0
BRDA:345,10,0,0
BRDA:345,10,1,0
BRDA:345,11,0,0
BRDA:345,11,1,0
BRDA:354,12,0,0
BRDA:354,12,1,0
BRDA:368,13,0,0
BRDA:368,13,1,0
BRDA:408,14,0,0
BRDA:408,14,1,0
BRDA:416,15,0,0
BRDA:416,15,1,0
BRDA:426,16,0,0
BRDA:426,16,1,0
BRDA:435,17,0,0
BRDA:435,17,1,0
BRDA:444,18,0,0
BRDA:444,18,1,0
BRDA:447,19,0,0
BRDA:447,19,1,0
BRDA:460,20,0,0
BRDA:460,20,1,0
BRDA:481,21,0,0
BRDA:481,21,1,0
BRDA:481,22,0,0
BRDA:481,22,1,0
BRDA:488,23,0,0
BRDA:488,23,1,0
BRDA:488,24,0,0
BRDA:488,24,1,0
BRDA:497,25,0,0
BRDA:497,25,1,0
BRF:52
BRH:0
end_of_record
TN:
SF:src/routes/admin.routes.ts
FN:29,adminRoutes
FN:33,(anonymous_1)
FN:55,(anonymous_2)
FN:94,(anonymous_3)
FN:118,(anonymous_4)
FN:148,(anonymous_5)
FN:168,(anonymous_6)
FNF:7
FNH:0
FNDA:0,adminRoutes
FNDA:0,(anonymous_1)
FNDA:0,(anonymous_2)
FNDA:0,(anonymous_3)
FNDA:0,(anonymous_4)
FNDA:0,(anonymous_5)
FNDA:0,(anonymous_6)
DA:15,0
DA:22,0
DA:31,0
DA:34,0
DA:35,0
DA:37,0
DA:39,0
DA:44,0
DA:45,0
DA:53,0
DA:56,0
DA:57,0
DA:59,0
DA:71,0
DA:72,0
DA:78,0
DA:83,0
DA:84,0
DA:92,0
DA:95,0
DA:96,0
DA:97,0
DA:99,0
DA:101,0
DA:107,0
DA:108,0
DA:116,0
DA:119,0
DA:120,0
DA:123,0
DA:124,0
DA:130,0
DA:132,0
DA:137,0
DA:138,0
DA:146,0
DA:149,0
DA:150,0
DA:152,0
DA:157,0
DA:158,0
DA:166,0
DA:169,0
DA:170,0
DA:172,0
DA:174,0
DA:179,0
DA:180,0
LF:48
LH:0
BRDA:71,0,0,0
BRDA:71,0,1,0
BRDA:123,1,0,0
BRDA:123,1,1,0
BRDA:172,2,0,0
BRDA:172,2,1,0
BRF:6
BRH:0
end_of_record
TN:
SF:src/routes/auth.routes.ts
FN:9,authRoutes
FN:12,(anonymous_1)
FN:44,(anonymous_2)
FN:71,(anonymous_3)
FNF:4
FNH:0
FNDA:0,authRoutes
FNDA:0,(anonymous_1)
FNDA:0,(anonymous_2)
FNDA:0,(anonymous_3)
DA:12,0
DA:14,0
DA:18,0
DA:21,0
DA:22,0
DA:23,0
DA:27,0
DA:28,0
DA:33,0
DA:34,0
DA:41,0
DA:44,0
DA:45,0
DA:49,0
DA:52,0
DA:55,0
DA:56,0
DA:60,0
DA:62,0
DA:63,0
DA:71,0
DA:72,0
LF:22
LH:0
BRDA:18,0,0,0
BRDA:18,0,1,0
BRDA:18,1,0,0
BRDA:18,1,1,0
BRDA:21,2,0,0
BRDA:21,2,1,0
BRDA:21,3,0,0
BRDA:21,3,1,0
BRDA:23,4,0,0
BRDA:23,4,1,0
BRDA:55,5,0,0
BRDA:55,5,1,0
BRDA:65,6,0,0
BRDA:65,6,1,0
BRF:14
BRH:0
end_of_record
TN:
SF:src/routes/sessions.routes.ts
FN:17,sessionsRoutes
FN:21,(anonymous_1)
FN:50,(anonymous_2)
FN:74,(anonymous_3)
FN:109,(anonymous_4)
FNF:5
FNH:0
FNDA:0,sessionsRoutes
FNDA:0,(anonymous_1)
FNDA:0,(anonymous_2)
FNDA:0,(anonymous_3)
FNDA:0,(anonymous_4)
DA:12,0
DA:19,0
DA:22,0
DA:23,0
DA:25,0
DA:27,0
DA:28,0
DA:34,0
DA:39,0
DA:40,0
DA:48,0
DA:51,0
DA:52,0
DA:53,0
DA:55,0
DA:57,0
DA:63,0
DA:64,0
DA:72,0
DA:75,0
DA:76,0
DA:78,0
DA:80,0
DA:84,0
DA:90,0
DA:92,0
DA:93,0
DA:99,0
DA:107,0
DA:110,0
DA:111,0
DA:113,0
DA:115,0
DA:120,0
DA:122,0
DA:123,0
DA:129,0
LF:37
LH:0
BRDA:27,0,0,0
BRDA:27,0,1,0
BRDA:66,1,0,0
BRDA:66,1,1,0
BRDA:80,2,0,0
BRDA:80,2,1,0
BRDA:92,3,0,0
BRDA:92,3,1,0
BRDA:122,4,0,0
BRDA:122,4,1,0
BRF:10
BRH:0
end_of_record
TN:
SF:src/routes/users.routes.ts
FN:25,usersRoutes
FN:29,(anonymous_1)
FN:56,(anonymous_2)
FN:85,(anonymous_3)
FN:118,(anonymous_4)
FN:120,(anonymous_5)
FN:144,(anonymous_6)
FN:146,(anonymous_7)
FN:168,(anonymous_8)
FNF:9
FNH:0
FNDA:0,usersRoutes
FNDA:0,(anonymous_1)
FNDA:0,(anonymous_2)
FNDA:0,(anonymous_3)
FNDA:0,(anonymous_4)
FNDA:0,(anonymous_5)
FNDA:0,(anonymous_6)
FNDA:0,(anonymous_7)
FNDA:0,(anonymous_8)
DA:13,0
DA:19,0
DA:27,0
DA:30,0
DA:31,0
DA:33,0
DA:34,0
DA:40,0
DA:45,0
DA:46,0
DA:54,0
DA:57,0
DA:58,0
DA:60,0
DA:62,0
DA:63,0
DA:69,0
DA:74,0
DA:75,0
DA:83,0
DA:86,0
DA:87,0
DA:89,0
DA:91,0
DA:97,0
DA:99,0
DA:100,0
DA:106,0
DA:114,0
DA:118,0
DA:121,0
DA:122,0
DA:124,0
DA:126,0
DA:131,0
DA:132,0
DA:140,0
DA:144,0
DA:147,0
DA:148,0
DA:150,0
DA:152,0
DA:157,0
DA:158,0
DA:166,0
DA:169,0
DA:170,0
DA:172,0
DA:174,0
DA:180,0
DA:181,0
LF:51
LH:0
BRDA:33,0,0,0
BRDA:33,0,1,0
BRDA:62,1,0,0
BRDA:62,1,1,0
BRDA:99,2,0,0
BRDA:99,2,1,0
BRF:6
BRH:0
end_of_record
TN:
SF:src/services/activity-session.service.ts
FN:12,(anonymous_0)
FN:42,(anonymous_1)
FN:114,(anonymous_2)
FN:191,(anonymous_3)
FN:199,(anonymous_4)
FN:244,(anonymous_5)
FN:245,(anonymous_6)
FN:246,(anonymous_7)
FN:247,(anonymous_8)
FN:252,(anonymous_9)
FN:275,(anonymous_10)
FN:285,(anonymous_11)
FN:302,(anonymous_12)
FN:308,(anonymous_13)
FN:336,(anonymous_14)
FN:378,(anonymous_15)
FN:411,(anonymous_16)
FNF:17
FNH:0
FNDA:0,(anonymous_0)
FNDA:0,(anonymous_1)
FNDA:0,(anonymous_2)
FNDA:0,(anonymous_3)
FNDA:0,(anonymous_4)
FNDA:0,(anonymous_5)
FNDA:0,(anonymous_6)
FNDA:0,(anonymous_7)
FNDA:0,(anonymous_8)
FNDA:0,(anonymous_9)
FNDA:0,(anonymous_10)
FNDA:0,(anonymous_11)
FNDA:0,(anonymous_12)
FNDA:0,(anonymous_13)
FNDA:0,(anonymous_14)
FNDA:0,(anonymous_15)
FNDA:0,(anonymous_16)
DA:17,0
DA:21,0
DA:22,0
DA:25,0
DA:26,0
DA:27,0
DA:30,0
DA:31,0
DA:32,0
DA:33,0
DA:36,0
DA:47,0
DA:48,0
DA:59,0
DA:60,0
DA:61,0
DA:64,0
DA:65,0
DA:69,0
DA:71,0
DA:72,0
DA:74,0
DA:75,0
DA:77,0
DA:87,0
DA:89,0
DA:90,0
DA:92,0
DA:101,0
DA:104,0
DA:108,0
DA:119,0
DA:120,0
DA:131,0
DA:132,0
DA:133,0
DA:136,0
DA:138,0
DA:139,0
DA:141,0
DA:142,0
DA:146,0
DA:147,0
DA:148,0
DA:150,0
DA:151,0
DA:153,0
DA:163,0
DA:164,0
DA:165,0
DA:167,0
DA:176,0
DA:181,0
DA:185,0
DA:193,0
DA:194,0
DA:195,0
DA:199,0
DA:202,0
DA:244,0
DA:245,0
DA:246,0
DA:247,0
DA:248,0
DA:251,0
DA:252,0
DA:255,0
DA:256,0
DA:258,0
DA:275,0
DA:277,0
DA:279,0
DA:286,0
DA:293,0
DA:294,0
DA:297,0
DA:298,0
DA:302,0
DA:303,0
DA:304,0
DA:308,0
DA:310,0
DA:313,0
DA:330,0
DA:338,0
DA:345,0
DA:346,0
DA:350,0
DA:355,0
DA:356,0
DA:366,0
DA:367,0
DA:379,0
DA:412,0
LF:94
LH:0
BRDA:15,0,0,0
BRDA:21,1,0,0
BRDA:21,1,1,0
BRDA:30,2,0,0
BRDA:30,2,1,0
BRDA:32,3,0,0
BRDA:32,3,1,0
BRDA:87,4,0,0
BRDA:87,4,1,0
BRDA:146,5,0,0
BRDA:146,5,1,0
BRDA:146,6,0,0
BRDA:146,6,1,0
BRDA:163,7,0,0
BRDA:163,7,1,0
BRDA:191,8,0,0
BRDA:194,9,0,0
BRDA:194,9,1,0
BRDA:209,10,0,0
BRDA:209,10,1,0
BRDA:209,11,0,0
BRDA:209,11,1,0
BRDA:251,12,0,0
BRDA:251,12,1,0
BRDA:256,13,0,0
BRDA:256,13,1,0
BRDA:256,13,2,0
BRDA:269,14,0,0
BRDA:269,14,1,0
BRDA:293,15,0,0
BRDA:293,15,1,0
BRDA:297,16,0,0
BRDA:297,16,1,0
BRDA:303,17,0,0
BRDA:303,17,1,0
BRDA:310,18,0,0
BRDA:310,18,1,0
BRDA:345,19,0,0
BRDA:345,19,1,0
BRDA:355,20,0,0
BRDA:355,20,1,0
BRDA:366,21,0,0
BRDA:366,21,1,0
BRF:43
BRH:0
end_of_record
TN:
SF:src/services/activity.service.ts
FN:18,(anonymous_0)
FN:46,(anonymous_1)
FN:93,(anonymous_2)
FN:107,(anonymous_3)
FN:185,(anonymous_4)
FN:188,(anonymous_5)
FN:189,(anonymous_6)
FN:190,(anonymous_7)
FN:206,(anonymous_8)
FN:208,(anonymous_9)
FN:228,(anonymous_10)
FN:290,(anonymous_11)
FN:323,(anonymous_12)
FN:346,(anonymous_13)
FN:397,(anonymous_14)
FN:428,(anonymous_15)
FN:445,(anonymous_16)
FN:482,(anonymous_17)
FN:529,(anonymous_18)
FN:533,(anonymous_19)
FN:534,(anonymous_20)
FN:535,(anonymous_21)
FN:536,(anonymous_22)
FN:561,(anonymous_23)
FN:581,(anonymous_24)
FN:637,(anonymous_25)
FNF:26
FNH:0
FNDA:0,(anonymous_0)
FNDA:0,(anonymous_1)
FNDA:0,(anonymous_2)
FNDA:0,(anonymous_3)
FNDA:0,(anonymous_4)
FNDA:0,(anonymous_5)
FNDA:0,(anonymous_6)
FNDA:0,(anonymous_7)
FNDA:0,(anonymous_8)
FNDA:0,(anonymous_9)
FNDA:0,(anonymous_10)
FNDA:0,(anonymous_11)
FNDA:0,(anonymous_12)
FNDA:0,(anonymous_13)
FNDA:0,(anonymous_14)
FNDA:0,(anonymous_15)
FNDA:0,(anonymous_16)
FNDA:0,(anonymous_17)
FNDA:0,(anonymous_18)
FNDA:0,(anonymous_19)
FNDA:0,(anonymous_20)
FNDA:0,(anonymous_21)
FNDA:0,(anonymous_22)
FNDA:0,(anonymous_23)
FNDA:0,(anonymous_24)
FNDA:0,(anonymous_25)
DA:20,0
DA:21,0
DA:22,0
DA:24,0
DA:25,0
DA:28,0
DA:32,0
DA:33,0
DA:34,0
DA:37,0
DA:40,0
DA:48,0
DA:49,0
DA:52,0
DA:53,0
DA:57,0
DA:60,0
DA:86,0
DA:98,0
DA:99,0
DA:102,0
DA:107,0
DA:110,0
DA:117,0
DA:118,0
DA:121,0
DA:122,0
DA:125,0
DA:126,0
DA:129,0
DA:130,0
DA:134,0
DA:180,0
DA:185,0
DA:188,0
DA:189,0
DA:190,0
DA:191,0
DA:195,0
DA:197,0
DA:206,0
DA:208,0
DA:214,0
DA:229,0
DA:265,0
DA:266,0
DA:270,0
DA:271,0
DA:272,0
DA:278,0
DA:281,0
DA:292,0
DA:296,0
DA:297,0
DA:300,0
DA:301,0
DA:305,0
DA:325,0
DA:329,0
DA:330,0
DA:333,0
DA:334,0
DA:338,0
DA:348,0
DA:352,0
DA:353,0
DA:357,0
DA:372,0
DA:379,0
DA:380,0
DA:384,0
DA:391,0
DA:399,0
DA:406,0
DA:407,0
DA:415,0
DA:416,0
DA:428,0
DA:430,0
DA:431,0
DA:446,0
DA:483,0
DA:486,0
DA:526,0
DA:527,0
DA:529,0
DA:530,0
DA:533,0
DA:534,0
DA:535,0
DA:536,0
DA:545,0
DA:546,0
DA:548,0
DA:552,0
DA:562,0
DA:575,0
DA:583,0
DA:585,0
DA:586,0
DA:590,0
DA:598,0
DA:605,0
DA:606,0
DA:613,0
DA:614,0
DA:623,0
DA:624,0
DA:627,0
DA:639,0
DA:643,0
DA:644,0
DA:648,0
DA:649,0
DA:653,0
DA:660,0
DA:661,0
DA:665,0
LF:118
LH:0
BRDA:24,0,0,0
BRDA:24,0,1,0
BRDA:32,1,0,0
BRDA:32,1,1,0
BRDA:48,2,0,0
BRDA:48,2,1,0
BRDA:52,3,0,0
BRDA:52,3,1,0
BRDA:95,4,0,0
BRDA:98,5,0,0
BRDA:98,6,0,0
BRDA:117,7,0,0
BRDA:117,7,1,0
BRDA:121,8,0,0
BRDA:121,8,1,0
BRDA:125,9,0,0
BRDA:125,9,1,0
BRDA:129,10,0,0
BRDA:129,10,1,0
BRDA:191,11,0,0
BRDA:191,11,1,0
BRDA:201,12,0,0
BRDA:201,12,1,0
BRDA:265,13,0,0
BRDA:265,13,1,0
BRDA:271,14,0,0
BRDA:271,14,1,0
BRDA:296,15,0,0
BRDA:296,15,1,0
BRDA:300,16,0,0
BRDA:300,16,1,0
BRDA:329,17,0,0
BRDA:329,17,1,0
BRDA:333,18,0,0
BRDA:333,18,1,0
BRDA:352,19,0,0
BRDA:352,19,1,0
BRDA:379,20,0,0
BRDA:379,20,1,0
BRDA:406,21,0,0
BRDA:406,21,1,0
BRDA:430,22,0,0
BRDA:430,22,1,0
BRDA:545,23,0,0
BRDA:545,23,1,0
BRDA:585,24,0,0
BRDA:585,24,1,0
BRDA:605,25,0,0
BRDA:605,25,1,0
BRDA:605,26,0,0
BRDA:605,26,1,0
BRDA:613,27,0,0
BRDA:613,27,1,0
BRDA:623,28,0,0
BRDA:623,28,1,0
BRDA:643,29,0,0
BRDA:643,29,1,0
BRDA:648,30,0,0
BRDA:648,30,1,0
BRDA:660,31,0,0
BRDA:660,31,1,0
BRF:61
BRH:0
end_of_record
TN:
SF:src/services/admin.service.ts
FN:11,(anonymous_0)
FN:78,(anonymous_1)
FN:105,(anonymous_2)
FN:114,(anonymous_3)
FN:186,(anonymous_4)
FN:190,(anonymous_5)
FN:194,(anonymous_6)
FN:205,(anonymous_7)
FNF:8
FNH:0
FNDA:0,(anonymous_0)
FNDA:0,(anonymous_1)
FNDA:0,(anonymous_2)
FNDA:0,(anonymous_3)
FNDA:0,(anonymous_4)
FNDA:0,(anonymous_5)
FNDA:0,(anonymous_6)
FNDA:0,(anonymous_7)
DA:17,0
DA:18,0
DA:21,0
DA:23,0
DA:24,0
DA:30,0
DA:31,0
DA:35,0
DA:60,0
DA:62,0
DA:84,0
DA:106,0
DA:122,0
DA:159,0
DA:165,0
DA:171,0
DA:176,0
DA:186,0
DA:190,0
DA:194,0
DA:207,0
DA:221,0
DA:242,0
LF:23
LH:0
BRDA:17,0,0,0
BRDA:17,1,0,0
BRDA:23,2,0,0
BRDA:23,2,1,0
BRDA:30,3,0,0
BRDA:30,3,1,0
BRDA:30,4,0,0
BRDA:30,4,1,0
BRDA:30,4,2,0
BRDA:205,5,0,0
BRF:10
BRH:0
end_of_record
TN:
SF:src/services/email.service.ts
FN:29,(anonymous_0)
FN:62,(anonymous_1)
FN:108,(anonymous_2)
FN:115,(anonymous_3)
FNF:4
FNH:0
FNDA:0,(anonymous_0)
FNDA:0,(anonymous_1)
FNDA:0,(anonymous_2)
FNDA:0,(anonymous_3)
DA:24,0
DA:30,0
DA:31,0
DA:36,0
DA:37,0
DA:49,0
DA:56,0
DA:66,0
DA:67,0
DA:68,0
DA:72,0
DA:74,0
DA:82,0
DA:85,0
DA:86,0
DA:87,0
DA:88,0
DA:92,0
DA:97,0
DA:98,0
DA:109,0
DA:116,0
LF:22
LH:0
BRDA:30,0,0,0
BRDA:30,0,1,0
BRDA:36,1,0,0
BRDA:36,1,1,0
BRDA:39,2,0,0
BRDA:39,2,1,0
BRDA:75,3,0,0
BRDA:75,3,1,0
BRDA:85,4,0,0
BRDA:85,4,1,0
BRDA:87,5,0,0
BRDA:87,5,1,0
BRDA:100,6,0,0
BRDA:100,6,1,0
BRF:14
BRH:0
end_of_record
TN:
SF:src/services/user.service.ts
FN:11,(anonymous_0)
FN:29,(anonymous_1)
FN:89,(anonymous_2)
FN:110,(anonymous_3)
FN:113,(anonymous_4)
FN:116,(anonymous_5)
FN:125,(anonymous_6)
FN:132,(anonymous_7)
FN:137,(anonymous_8)
FN:144,(anonymous_9)
FN:145,(anonymous_10)
FN:185,(anonymous_11)
FN:219,(anonymous_12)
FN:225,(anonymous_13)
FNF:14
FNH:0
FNDA:0,(anonymous_0)
FNDA:0,(anonymous_1)
FNDA:0,(anonymous_2)
FNDA:0,(anonymous_3)
FNDA:0,(anonymous_4)
FNDA:0,(anonymous_5)
FNDA:0,(anonymous_6)
FNDA:0,(anonymous_7)
FNDA:0,(anonymous_8)
FNDA:0,(anonymous_9)
FNDA:0,(anonymous_10)
FNDA:0,(anonymous_11)
FNDA:0,(anonymous_12)
FNDA:0,(anonymous_13)
DA:12,0
DA:30,0
DA:33,0
DA:34,0
DA:38,0
DA:39,0
DA:46,0
DA:47,0
DA:52,0
DA:53,0
DA:60,0
DA:61,0
DA:66,0
DA:91,0
DA:109,0
DA:110,0
DA:111,0
DA:113,0
DA:114,0
DA:116,0
DA:117,0
DA:120,0
DA:125,0
DA:126,0
DA:127,0
DA:128,0
DA:131,0
DA:132,0
DA:133,0
DA:136,0
DA:138,0
DA:143,0
DA:144,0
DA:145,0
DA:147,0
DA:148,0
DA:149,0
DA:152,0
DA:153,0
DA:154,0
DA:155,0
DA:159,0
DA:160,0
DA:161,0
DA:165,0
DA:166,0
DA:170,0
DA:186,0
DA:219,0
DA:228,0
LF:50
LH:0
BRDA:33,0,0,0
BRDA:33,0,1,0
BRDA:33,1,0,0
BRDA:33,1,1,0
BRDA:38,2,0,0
BRDA:38,2,1,0
BRDA:46,3,0,0
BRDA:46,3,1,0
BRDA:52,4,0,0
BRDA:52,4,1,0
BRDA:60,5,0,0
BRDA:60,5,1,0
BRDA:117,6,0,0
BRDA:117,6,1,0
BRDA:120,7,0,0
BRDA:120,7,1,0
BRDA:133,8,0,0
BRDA:133,8,1,0
BRDA:136,9,0,0
BRDA:136,9,1,0
BRDA:138,10,0,0
BRDA:138,10,1,0
BRDA:155,11,0,0
BRDA:155,11,1,0
BRDA:161,12,0,0
BRDA:161,12,1,0
BRDA:161,13,0,0
BRDA:161,13,1,0
BRF:28
BRH:0
end_of_record
